[ 2018-03-07T22:45:33+08:00 ] 183.198.62.114 /Public/reg/images/iconfont_20150730.woff?fromApp=1&v=20151014
INFO: [ app_init ] --START--
INFO: Run Behavior\BuildLiteBehavior [ RunTime:0.000000s ]
INFO: [ app_init ] --END-- [ RunTime:0.000000s ]
ERR: 无法加载模块:Public

[ 2018-03-07T22:45:33+08:00 ] 183.198.62.114 /Public/reg/images/iconfont_20150730.ttf?fromApp=1&v=20151014
INFO: [ app_init ] --START--
INFO: Run Behavior\BuildLiteBehavior [ RunTime:0.000000s ]
INFO: [ app_init ] --END-- [ RunTime:0.000000s ]
ERR: 无法加载模块:Public

[ 2018-03-07T22:45:36+08:00 ] 183.198.62.114 /Public/reg/images/iconfont_20150730.woff?fromApp=1&v=20151014
INFO: [ app_init ] --START--
INFO: Run Behavior\BuildLiteBehavior [ RunTime:0.000000s ]
INFO: [ app_init ] --END-- [ RunTime:0.000000s ]
ERR: 无法加载模块:Public

[ 2018-03-07T22:45:36+08:00 ] 183.198.62.114 /Public/reg/images/iconfont_20150730.ttf?fromApp=1&v=20151014
INFO: [ app_init ] --START--
INFO: Run Behavior\BuildLiteBehavior [ RunTime:0.000000s ]
INFO: [ app_init ] --END-- [ RunTime:0.000000s ]
ERR: 无法加载模块:Public

[ 2018-03-07T22:45:49+08:00 ] 1.181.254.81 /Public/reg/images/iconfont_20150730.woff?fromApp=1&v=20151014
INFO: [ app_init ] --START--
INFO: Run Behavior\BuildLiteBehavior [ RunTime:0.000000s ]
INFO: [ app_init ] --END-- [ RunTime:0.000000s ]
ERR: 无法加载模块:Public

[ 2018-03-07T22:45:49+08:00 ] 1.181.254.81 /Public/reg/images/iconfont_20150730.ttf?fromApp=1&v=20151014
INFO: [ app_init ] --START--
INFO: Run Behavior\BuildLiteBehavior [ RunTime:0.000000s ]
INFO: [ app_init ] --END-- [ RunTime:0.000000s ]
ERR: 无法加载模块:Public

[ 2018-03-07T22:45:51+08:00 ] 1.181.254.81 /Public/reg/images/iconfont_20150730.woff?fromApp=1&v=20151014
INFO: [ app_init ] --START--
INFO: Run Behavior\BuildLiteBehavior [ RunTime:0.000000s ]
INFO: [ app_init ] --END-- [ RunTime:0.000000s ]
ERR: 无法加载模块:Public

[ 2018-03-07T22:45:51+08:00 ] 1.181.254.81 /Public/reg/images/iconfont_20150730.ttf?fromApp=1&v=20151014
INFO: [ app_init ] --START--
INFO: Run Behavior\BuildLiteBehavior [ RunTime:0.000000s ]
INFO: [ app_init ] --END-- [ RunTime:0.000000s ]
ERR: 无法加载模块:Public

[ 2018-03-07T22:45:52+08:00 ] 1.181.254.81 /Public/reg/images/iconfont_20150730.woff?fromApp=1&v=20151014
INFO: [ app_init ] --START--
INFO: Run Behavior\BuildLiteBehavior [ RunTime:0.000000s ]
INFO: [ app_init ] --END-- [ RunTime:0.000000s ]
ERR: 无法加载模块:Public

[ 2018-03-07T22:45:52+08:00 ] 1.181.254.81 /Public/reg/images/iconfont_20150730.ttf?fromApp=1&v=20151014
INFO: [ app_init ] --START--
INFO: Run Behavior\BuildLiteBehavior [ RunTime:0.000000s ]
INFO: [ app_init ] --END-- [ RunTime:0.000000s ]
ERR: 无法加载模块:Public

[ 2018-03-07T22:45:54+08:00 ] 1.181.254.81 /Public/reg/images/iconfont_20150730.woff?fromApp=1&v=20151014
INFO: [ app_init ] --START--
INFO: Run Behavior\BuildLiteBehavior [ RunTime:0.000000s ]
INFO: [ app_init ] --END-- [ RunTime:0.000000s ]
ERR: 无法加载模块:Public

[ 2018-03-07T22:45:54+08:00 ] 1.181.254.81 /Public/reg/images/iconfont_20150730.ttf?fromApp=1&v=20151014
INFO: [ app_init ] --START--
INFO: Run Behavior\BuildLiteBehavior [ RunTime:0.000000s ]
INFO: [ app_init ] --END-- [ RunTime:0.000000s ]
ERR: 无法加载模块:Public

[ 2018-03-07T22:45:55+08:00 ] 1.181.254.81 /Public/reg/images/iconfont_20150730.woff?fromApp=1&v=20151014
INFO: [ app_init ] --START--
INFO: Run Behavior\BuildLiteBehavior [ RunTime:0.000000s ]
INFO: [ app_init ] --END-- [ RunTime:0.000000s ]
ERR: 无法加载模块:Public

[ 2018-03-07T22:45:55+08:00 ] 1.181.254.81 /Public/reg/images/iconfont_20150730.ttf?fromApp=1&v=20151014
INFO: [ app_init ] --START--
INFO: Run Behavior\BuildLiteBehavior [ RunTime:0.000000s ]
INFO: [ app_init ] --END-- [ RunTime:0.000000s ]
ERR: 无法加载模块:Public

[ 2018-03-07T23:02:15+08:00 ] 183.198.62.114 /favicon.ico
INFO: [ app_init ] --START--
INFO: Run Behavior\BuildLiteBehavior [ RunTime:0.000000s ]
INFO: [ app_init ] --END-- [ RunTime:0.000000s ]
ERR: 无法加载模块:Favicon

[ 2018-03-07T23:53:10+08:00 ] 71.6.202.198 /ccvv
INFO: [ app_init ] --START--
INFO: Run Behavior\BuildLiteBehavior [ RunTime:0.000000s ]
INFO: [ app_init ] --END-- [ RunTime:0.000000s ]
ERR: 无法加载模块:Ccvv

