[ 2018-12-18T16:27:40+08:00 ] 127.0.0.1 /home/Index/kuangcheshouyi.html
INFO: [ app_init ] --START--
INFO: Run Behavior\BuildLiteBehavior [ RunTime:0.000000s ]
INFO: [ app_init ] --END-- [ RunTime:0.000000s ]
INFO: [ app_begin ] --START--
INFO: Run Behavior\ReadHtmlCacheBehavior [ RunTime:0.001000s ]
INFO: [ app_begin ] --END-- [ RunTime:0.001000s ]
ERR: 非法操作:kuangcheshouyi

[ 2018-12-18T16:27:46+08:00 ] 127.0.0.1 /home/Index
INFO: [ app_init ] --START--
INFO: Run Behavior\BuildLiteBehavior [ RunTime:0.000000s ]
INFO: [ app_init ] --END-- [ RunTime:0.000000s ]
INFO: [ app_begin ] --START--
INFO: Run Behavior\ReadHtmlCacheBehavior [ RunTime:0.000000s ]
INFO: [ app_begin ] --END-- [ RunTime:0.000000s ]
SQL: SHOW COLUMNS FROM `jk_userget` [ RunTime:0.0080s ]
NOTIC: [8] Use of undefined constant wakuang - assumed 'wakuang' C:\www\kj\User\Home\Controller\IndexController.class.php 第 15 行.
SQL: SELECT * FROM `jk_userget` WHERE `UG_account` = '15696109391' AND `UG_dataType` = 'wakuang' ORDER BY UG_ID DESC  [ RunTime:0.0010s ]
SQL: SHOW COLUMNS FROM `jk_user` [ RunTime:0.0100s ]
SQL: SELECT * FROM `jk_user` WHERE `UE_account` = '15696109391' LIMIT 1   [ RunTime:0.0010s ]
INFO: [ view_parse ] --START--
INFO: [ template_filter ] --START--
INFO: Run Behavior\ContentReplaceBehavior [ RunTime:0.000000s ]
INFO: [ template_filter ] --END-- [ RunTime:0.000000s ]
INFO: Run Behavior\ParseTemplateBehavior [ RunTime:0.012000s ]
INFO: [ view_parse ] --END-- [ RunTime:0.012000s ]
INFO: [ view_filter ] --START--
INFO: Run Behavior\WriteHtmlCacheBehavior [ RunTime:0.001000s ]
INFO: Run Behavior\TokenBuildBehavior [ RunTime:0.000000s ]
INFO: [ view_filter ] --END-- [ RunTime:0.001000s ]
INFO: [ app_end ] --START--
INFO: Run Behavior\ShowPageTraceBehavior [ RunTime:0.001000s ]
INFO: [ app_end ] --END-- [ RunTime:0.001000s ]

[ 2018-12-18T16:27:50+08:00 ] 127.0.0.1 /index.php/Home/Info/kuangcheshouyi/
INFO: [ app_init ] --START--
INFO: Run Behavior\BuildLiteBehavior [ RunTime:0.000000s ]
INFO: [ app_init ] --END-- [ RunTime:0.001000s ]
INFO: [ app_begin ] --START--
INFO: Run Behavior\ReadHtmlCacheBehavior [ RunTime:0.001000s ]
INFO: [ app_begin ] --END-- [ RunTime:0.001000s ]
SQL: SHOW COLUMNS FROM `jk_system` [ RunTime:0.0140s ]
SQL: SELECT * FROM `jk_system` WHERE `SYS_ID` = 1 LIMIT 1   [ RunTime:0.0010s ]
SQL: SHOW COLUMNS FROM `jk_user` [ RunTime:0.0150s ]
SQL: SELECT * FROM `jk_user` WHERE `UE_ID` = 14 LIMIT 1   [ RunTime:0.0010s ]
SQL: SHOW COLUMNS FROM `jk_ppdd` [ RunTime:0.0090s ]
SQL: SELECT * FROM `jk_ppdd` WHERE `g_user` = '15696109391' AND `zt` = 1 LIMIT 1   [ RunTime:0.0000s ]
SQL: SELECT * FROM `jk_ppdd` WHERE `g_user` = '15696109391' AND `zt` = 1 LIMIT 1   [ RunTime:0.0010s ]
SQL: SELECT * FROM `jk_user` WHERE `UE_account` = '15696109391' LIMIT 1   [ RunTime:0.0020s ]
SQL: UPDATE `jk_ppdd` SET `zt`='0',`jydate`='',`g_name`='',`g_user`='',`g_level`='',`g_id`='' WHERE `g_user` = '15696109391' AND `zt` = 1 [ RunTime:0.0000s ]
NOTIC: [8] Use of undefined constant date - assumed 'date' C:\www\kj\User\Home\Controller\CommonController.class.php 第 88 行.
SQL: SHOW COLUMNS FROM `jk_date` [ RunTime:0.0080s ]
SQL: SELECT * FROM `jk_date` WHERE `date` = 1545062430 LIMIT 1   [ RunTime:0.0010s ]
NOTIC: [8] Use of undefined constant date - assumed 'date' C:\www\kj\User\Home\Controller\CommonController.class.php 第 93 行.
SQL: SELECT * FROM `jk_date` ORDER BY id desc LIMIT 1   [ RunTime:0.0010s ]
SQL: INSERT INTO `jk_date` (`date`,`price`) VALUES ('1545062430',NULL) [ RunTime:0.0000s ]
SQL: INSERT INTO `jk_date` (`date`,`price`) VALUES ('1545062460',NULL) [ RunTime:0.0020s ]
SQL: SHOW COLUMNS FROM `jk_userget` [ RunTime:0.0070s ]
NOTIC: [8] Use of undefined constant wakuang - assumed 'wakuang' C:\www\kj\User\Home\Controller\InfoController.class.php 第 1634 行.
SQL: SELECT * FROM `jk_userget` WHERE `UG_account` = '15696109391' AND `UG_dataType` = 'wakuang' ORDER BY UG_ID DESC  [ RunTime:0.0000s ]
INFO: [ view_parse ] --START--
INFO: [ template_filter ] --START--
INFO: Run Behavior\ContentReplaceBehavior [ RunTime:0.000000s ]
INFO: [ template_filter ] --END-- [ RunTime:0.000000s ]
NOTIC: [8] Undefined variable: ztrs3 C:\www\kj\User\Runtime\Cache\Home\2a9d502734e2513dcd9eaef6d8027fd3.php 第 45 行.
SQL: SELECT * FROM `jk_userget` WHERE `UG_ID` = 43 LIMIT 1   [ RunTime:0.0000s ]
NOTIC: [8] Undefined variable: ztrs C:\www\kj\User\Runtime\Cache\Home\2a9d502734e2513dcd9eaef6d8027fd3.php 第 46 行.
NOTIC: [8] Undefined variable: ztrs C:\www\kj\User\Runtime\Cache\Home\2a9d502734e2513dcd9eaef6d8027fd3.php 第 46 行.
SQL: SHOW COLUMNS FROM `jk_shop_orderform` [ RunTime:0.0030s ]
SQL: SELECT * FROM `jk_user` WHERE `UE_account` = '15696109391' LIMIT 1   [ RunTime:0.0010s ]
SQL: SELECT * FROM `jk_userget` WHERE `UG_ID` = 43 LIMIT 1   [ RunTime:0.0000s ]
SQL: SELECT * FROM `jk_shop_orderform` WHERE `id` = 30 LIMIT 1   [ RunTime:0.0000s ]
SQL: SELECT * FROM `jk_user` WHERE `UE_account` = '15696109391' LIMIT 1   [ RunTime:0.0000s ]
INFO: Run Behavior\ParseTemplateBehavior [ RunTime:0.013000s ]
INFO: [ view_parse ] --END-- [ RunTime:0.013000s ]
INFO: [ view_filter ] --START--
INFO: Run Behavior\WriteHtmlCacheBehavior [ RunTime:0.000000s ]
INFO: Run Behavior\TokenBuildBehavior [ RunTime:0.000000s ]
INFO: [ view_filter ] --END-- [ RunTime:0.001000s ]
INFO: [ app_end ] --START--
INFO: Run Behavior\ShowPageTraceBehavior [ RunTime:0.001000s ]
INFO: [ app_end ] --END-- [ RunTime:0.001000s ]

[ 2018-12-18T16:58:42+08:00 ] 127.0.0.1 /index.php/Home/Info/kuangcheshouyi/
INFO: [ app_init ] --START--
INFO: Run Behavior\BuildLiteBehavior [ RunTime:0.000000s ]
INFO: [ app_init ] --END-- [ RunTime:0.001000s ]
INFO: [ app_begin ] --START--
INFO: Run Behavior\ReadHtmlCacheBehavior [ RunTime:0.001000s ]
INFO: [ app_begin ] --END-- [ RunTime:0.001000s ]
SQL: SHOW COLUMNS FROM `jk_system` [ RunTime:0.0170s ]
SQL: SELECT * FROM `jk_system` WHERE `SYS_ID` = 1 LIMIT 1   [ RunTime:0.0020s ]
SQL: SHOW COLUMNS FROM `jk_user` [ RunTime:0.0140s ]
SQL: SELECT * FROM `jk_user` WHERE `UE_ID` = 14 LIMIT 1   [ RunTime:0.0010s ]
SQL: SHOW COLUMNS FROM `jk_ppdd` [ RunTime:0.0070s ]
SQL: SELECT * FROM `jk_ppdd` WHERE `g_user` = '15696109391' AND `zt` = 1 LIMIT 1   [ RunTime:0.0010s ]
SQL: SELECT * FROM `jk_ppdd` WHERE `g_user` = '15696109391' AND `zt` = 1 LIMIT 1   [ RunTime:0.0000s ]
SQL: SELECT * FROM `jk_user` WHERE `UE_account` = '15696109391' LIMIT 1   [ RunTime:0.0010s ]
SQL: UPDATE `jk_ppdd` SET `zt`='0',`jydate`='',`g_name`='',`g_user`='',`g_level`='',`g_id`='' WHERE `g_user` = '15696109391' AND `zt` = 1 [ RunTime:0.0010s ]
NOTIC: [8] Use of undefined constant date - assumed 'date' C:\www\kj\User\Home\Controller\CommonController.class.php 第 88 行.
SQL: SHOW COLUMNS FROM `jk_date` [ RunTime:0.0070s ]
SQL: SELECT * FROM `jk_date` WHERE `date` = 1545062430 LIMIT 1   [ RunTime:0.0000s ]
SQL: SHOW COLUMNS FROM `jk_userget` [ RunTime:0.0060s ]
NOTIC: [8] Use of undefined constant wakuang - assumed 'wakuang' C:\www\kj\User\Home\Controller\InfoController.class.php 第 1634 行.
SQL: SELECT * FROM `jk_userget` WHERE `UG_account` = '15696109391' AND `UG_dataType` = 'wakuang' ORDER BY UG_ID DESC  [ RunTime:0.0000s ]
INFO: [ view_parse ] --START--
INFO: [ template_filter ] --START--
INFO: Run Behavior\ContentReplaceBehavior [ RunTime:0.000000s ]
INFO: [ template_filter ] --END-- [ RunTime:0.000000s ]
NOTIC: [8] Undefined variable: ztrs3 C:\www\kj\User\Runtime\Cache\Home\2a9d502734e2513dcd9eaef6d8027fd3.php 第 45 行.
SQL: SELECT * FROM `jk_userget` WHERE `UG_ID` = 43 LIMIT 1   [ RunTime:0.0010s ]
NOTIC: [8] Undefined variable: ztrs C:\www\kj\User\Runtime\Cache\Home\2a9d502734e2513dcd9eaef6d8027fd3.php 第 46 行.
NOTIC: [8] Undefined variable: ztrs C:\www\kj\User\Runtime\Cache\Home\2a9d502734e2513dcd9eaef6d8027fd3.php 第 46 行.
SQL: SHOW COLUMNS FROM `jk_shop_orderform` [ RunTime:0.0040s ]
SQL: SELECT * FROM `jk_user` WHERE `UE_account` = '15696109391' LIMIT 1   [ RunTime:0.0000s ]
SQL: SELECT * FROM `jk_userget` WHERE `UG_ID` = 43 LIMIT 1   [ RunTime:0.0010s ]
SQL: SELECT * FROM `jk_shop_orderform` WHERE `id` = 30 LIMIT 1   [ RunTime:0.0000s ]
SQL: SELECT * FROM `jk_user` WHERE `UE_account` = '15696109391' LIMIT 1   [ RunTime:0.0010s ]
INFO: Run Behavior\ParseTemplateBehavior [ RunTime:0.014000s ]
INFO: [ view_parse ] --END-- [ RunTime:0.014000s ]
INFO: [ view_filter ] --START--
INFO: Run Behavior\WriteHtmlCacheBehavior [ RunTime:0.000000s ]
INFO: Run Behavior\TokenBuildBehavior [ RunTime:0.000000s ]
INFO: [ view_filter ] --END-- [ RunTime:0.000000s ]
INFO: [ app_end ] --START--
INFO: Run Behavior\ShowPageTraceBehavior [ RunTime:0.000000s ]
INFO: [ app_end ] --END-- [ RunTime:0.000000s ]

[ 2018-12-18T17:19:54+08:00 ] 127.0.0.1 /index.php/Home/Info/kuangcheshouyi/
INFO: [ app_init ] --START--
INFO: Run Behavior\BuildLiteBehavior [ RunTime:0.000000s ]
INFO: [ app_init ] --END-- [ RunTime:0.000000s ]
INFO: [ app_begin ] --START--
INFO: Run Behavior\ReadHtmlCacheBehavior [ RunTime:0.001000s ]
INFO: [ app_begin ] --END-- [ RunTime:0.001000s ]
SQL: SHOW COLUMNS FROM `jk_system` [ RunTime:0.0130s ]
SQL: SELECT * FROM `jk_system` WHERE `SYS_ID` = 1 LIMIT 1   [ RunTime:0.0000s ]
SQL: SHOW COLUMNS FROM `jk_user` [ RunTime:0.0080s ]
SQL: SELECT * FROM `jk_user` WHERE `UE_ID` = 14 LIMIT 1   [ RunTime:0.0010s ]
SQL: SHOW COLUMNS FROM `jk_ppdd` [ RunTime:0.0080s ]
SQL: SELECT * FROM `jk_ppdd` WHERE `g_user` = '15696109391' AND `zt` = 1 LIMIT 1   [ RunTime:0.0010s ]
SQL: SELECT * FROM `jk_ppdd` WHERE `g_user` = '15696109391' AND `zt` = 1 LIMIT 1   [ RunTime:0.0000s ]
SQL: SELECT * FROM `jk_user` WHERE `UE_account` = '15696109391' LIMIT 1   [ RunTime:0.0000s ]
SQL: UPDATE `jk_ppdd` SET `zt`='0',`jydate`='',`g_name`='',`g_user`='',`g_level`='',`g_id`='' WHERE `g_user` = '15696109391' AND `zt` = 1 [ RunTime:0.0000s ]
NOTIC: [8] Use of undefined constant date - assumed 'date' C:\www\kj\User\Home\Controller\CommonController.class.php 第 88 行.
SQL: SHOW COLUMNS FROM `jk_date` [ RunTime:0.0080s ]
SQL: SELECT * FROM `jk_date` WHERE `date` = 1545062430 LIMIT 1   [ RunTime:0.0010s ]
SQL: SHOW COLUMNS FROM `jk_userget` [ RunTime:0.0040s ]
NOTIC: [8] Use of undefined constant wakuang - assumed 'wakuang' C:\www\kj\User\Home\Controller\InfoController.class.php 第 1634 行.
SQL: SELECT * FROM `jk_userget` WHERE `UG_account` = '15696109391' AND `UG_dataType` = 'wakuang' ORDER BY UG_ID DESC  [ RunTime:0.0000s ]
INFO: [ view_parse ] --START--
INFO: [ template_filter ] --START--
INFO: Run Behavior\ContentReplaceBehavior [ RunTime:0.000000s ]
INFO: [ template_filter ] --END-- [ RunTime:0.000000s ]
NOTIC: [8] Undefined variable: ztrs3 C:\www\kj\User\Runtime\Cache\Home\2a9d502734e2513dcd9eaef6d8027fd3.php 第 45 行.
SQL: SELECT * FROM `jk_userget` WHERE `UG_ID` = 43 LIMIT 1   [ RunTime:0.0000s ]
NOTIC: [8] Undefined variable: ztrs C:\www\kj\User\Runtime\Cache\Home\2a9d502734e2513dcd9eaef6d8027fd3.php 第 46 行.
NOTIC: [8] Undefined variable: ztrs C:\www\kj\User\Runtime\Cache\Home\2a9d502734e2513dcd9eaef6d8027fd3.php 第 46 行.
SQL: SHOW COLUMNS FROM `jk_shop_orderform` [ RunTime:0.0040s ]
SQL: SELECT * FROM `jk_user` WHERE `UE_account` = '15696109391' LIMIT 1   [ RunTime:0.0000s ]
SQL: SELECT * FROM `jk_userget` WHERE `UG_ID` = 43 LIMIT 1   [ RunTime:0.0000s ]
SQL: SELECT * FROM `jk_shop_orderform` WHERE `id` = 30 LIMIT 1   [ RunTime:0.0000s ]
SQL: SELECT * FROM `jk_user` WHERE `UE_account` = '15696109391' LIMIT 1   [ RunTime:0.0010s ]
INFO: Run Behavior\ParseTemplateBehavior [ RunTime:0.019000s ]
INFO: [ view_parse ] --END-- [ RunTime:0.019000s ]
INFO: [ view_filter ] --START--
INFO: Run Behavior\WriteHtmlCacheBehavior [ RunTime:0.000000s ]
INFO: Run Behavior\TokenBuildBehavior [ RunTime:0.001000s ]
INFO: [ view_filter ] --END-- [ RunTime:0.001000s ]
INFO: [ app_end ] --START--
INFO: Run Behavior\ShowPageTraceBehavior [ RunTime:0.000000s ]
INFO: [ app_end ] --END-- [ RunTime:0.000000s ]

