[ 2018-12-17T09:57:50+08:00 ] 127.0.0.1 /
INFO: [ app_init ] --START--
INFO: Run Behavior\BuildLiteBehavior [ RunTime:0.000000s ]
INFO: [ app_init ] --END-- [ RunTime:0.000000s ]
INFO: [ app_begin ] --START--
INFO: Run Behavior\ReadHtmlCacheBehavior [ RunTime:0.001000s ]
INFO: [ app_begin ] --END-- [ RunTime:0.001000s ]
SQL: SHOW COLUMNS FROM `jk_userget` [ RunTime:0.0070s ]
NOTIC: [8] Use of undefined constant wakuang - assumed 'wakuang' C:\www\kj\User\Home\Controller\IndexController.class.php 第 15 行.
SQL: SELECT * FROM `jk_userget` WHERE `UG_account` = '15696109391' AND `UG_dataType` = 'wakuang' ORDER BY UG_ID DESC  [ RunTime:0.0000s ]
SQL: SHOW COLUMNS FROM `jk_user` [ RunTime:0.0090s ]
SQL: SELECT * FROM `jk_user` WHERE `UE_account` = '15696109391' LIMIT 1   [ RunTime:0.0010s ]
INFO: [ view_parse ] --START--
INFO: [ template_filter ] --START--
INFO: Run Behavior\ContentReplaceBehavior [ RunTime:0.001000s ]
INFO: [ template_filter ] --END-- [ RunTime:0.001000s ]
INFO: Run Behavior\ParseTemplateBehavior [ RunTime:0.010000s ]
INFO: [ view_parse ] --END-- [ RunTime:0.010000s ]
INFO: [ view_filter ] --START--
INFO: Run Behavior\WriteHtmlCacheBehavior [ RunTime:0.000000s ]
INFO: Run Behavior\TokenBuildBehavior [ RunTime:0.000000s ]
INFO: [ view_filter ] --END-- [ RunTime:0.000000s ]
INFO: [ app_end ] --START--
INFO: Run Behavior\ShowPageTraceBehavior [ RunTime:0.001000s ]
INFO: [ app_end ] --END-- [ RunTime:0.001000s ]

[ 2018-12-17T09:57:55+08:00 ] 127.0.0.1 /index.php/Home/Info/Index/
INFO: [ app_init ] --START--
INFO: Run Behavior\BuildLiteBehavior [ RunTime:0.000000s ]
INFO: [ app_init ] --END-- [ RunTime:0.000000s ]
INFO: [ app_begin ] --START--
INFO: Run Behavior\ReadHtmlCacheBehavior [ RunTime:0.001000s ]
INFO: [ app_begin ] --END-- [ RunTime:0.001000s ]
SQL: SHOW COLUMNS FROM `jk_system` [ RunTime:0.0140s ]
SQL: SELECT * FROM `jk_system` WHERE `SYS_ID` = 1 LIMIT 1   [ RunTime:0.0010s ]
SQL: SHOW COLUMNS FROM `jk_user` [ RunTime:0.0060s ]
SQL: SELECT * FROM `jk_user` WHERE `UE_ID` = 14 LIMIT 1   [ RunTime:0.0000s ]
SQL: SHOW COLUMNS FROM `jk_ppdd` [ RunTime:0.0050s ]
SQL: SELECT * FROM `jk_ppdd` WHERE `g_user` = '15696109391' AND `zt` = 1 LIMIT 1   [ RunTime:0.0000s ]
SQL: SELECT * FROM `jk_ppdd` WHERE `g_user` = '15696109391' AND `zt` = 1 LIMIT 1   [ RunTime:0.0010s ]
SQL: SELECT * FROM `jk_user` WHERE `UE_account` = '15696109391' LIMIT 1   [ RunTime:0.0000s ]
SQL: UPDATE `jk_ppdd` SET `zt`='0',`jydate`='',`g_name`='',`g_user`='',`g_level`='',`g_id`='' WHERE `g_user` = '15696109391' AND `zt` = 1 [ RunTime:0.0000s ]
NOTIC: [8] Use of undefined constant date - assumed 'date' C:\www\kj\User\Home\Controller\CommonController.class.php 第 88 行.
SQL: SHOW COLUMNS FROM `jk_date` [ RunTime:0.0040s ]
SQL: SELECT * FROM `jk_date` WHERE `date` = 1544976030 LIMIT 1   [ RunTime:0.0010s ]
NOTIC: [8] Use of undefined constant date - assumed 'date' C:\www\kj\User\Home\Controller\CommonController.class.php 第 93 行.
SQL: SELECT * FROM `jk_date` ORDER BY id desc LIMIT 1   [ RunTime:0.0000s ]
SQL: INSERT INTO `jk_date` (`date`,`price`) VALUES ('1544976030',NULL) [ RunTime:0.0010s ]
SQL: INSERT INTO `jk_date` (`date`,`price`) VALUES ('1544976060',NULL) [ RunTime:0.0000s ]
SQL: SELECT * FROM `jk_user` WHERE `UE_account` = '15696109391' LIMIT 1   [ RunTime:0.0000s ]
SQL: SELECT * FROM `jk_ppdd` WHERE ( `zt` = '0' OR `zt` = '1' ) AND `datatype` = 'qglkb' ORDER BY zt asc, danjia desc  [ RunTime:0.0000s ]
SQL: SELECT * FROM `jk_ppdd` WHERE `datatype` = 'cslkb' AND ( `zt` = '0' OR `zt` = '1' ) ORDER BY zt asc, danjia desc  [ RunTime:0.0000s ]
SQL: SELECT * FROM `jk_date` ORDER BY id desc LIMIT 1   [ RunTime:0.0010s ]
SQL: SELECT SUM(lkb) AS tp_sum FROM `jk_ppdd` WHERE ( `jydate` > '2018-12-17 00:00:00' AND `jydate` < '2018-12-17 23:59:59'  ) LIMIT 1   [ RunTime:0.0010s ]
SQL: SHOW COLUMNS FROM `jk_jyl` [ RunTime:0.0050s ]
SQL: SELECT * FROM `jk_jyl` ORDER BY id desc LIMIT 1   [ RunTime:0.0000s ]
SQL: SELECT * FROM `jk_date` WHERE ( `date` > 1544889600 AND `date` < 1544975999  ) ORDER BY id desc LIMIT 1   [ RunTime:0.0000s ]
SQL: SELECT * FROM `jk_date` WHERE ( `date` >= 1544976000 AND `date` < 1545062399  ) ORDER BY id asc LIMIT 1   [ RunTime:0.0000s ]
SQL: SELECT MAX(price) AS tp_max FROM `jk_date` WHERE ( `date` >= 1544976000 AND `date` < 1545062399  ) LIMIT 1   [ RunTime:0.0000s ]
SQL: SELECT MIN(price) AS tp_min FROM `jk_date` WHERE ( `date` >= 1544976000 AND `date` < 1545062399  ) LIMIT 1   [ RunTime:0.0000s ]
NOTIC: [8] Use of undefined constant ridate - assumed 'ridate' C:\www\kj\User\Home\Controller\InfoController.class.php 第 84 行.
SQL: SHOW COLUMNS FROM `jk_ridate` [ RunTime:0.0050s ]
SQL: SELECT * FROM `jk_ridate` WHERE `date` = 1544976000 LIMIT 1   [ RunTime:0.0000s ]
SQL: INSERT INTO `jk_ridate` (`jinkai`,`zuoshou`,`jrzg`,`jrzd`,`date`) VALUES (NULL,NULL,NULL,NULL,'1544976000') [ RunTime:0.0000s ]
SQL: SELECT * FROM `jk_user` WHERE `UE_account` = '15696109391' LIMIT 1   [ RunTime:0.0010s ]
SQL: SHOW COLUMNS FROM `jk_config` [ RunTime:0.0040s ]
SQL: SELECT * FROM `jk_config` WHERE `id` = 1 LIMIT 1   [ RunTime:0.0000s ]
SQL: SELECT * FROM `jk_config` WHERE `id` = 2 LIMIT 1   [ RunTime:0.0000s ]
SQL: SELECT * FROM `jk_config` WHERE `id` = 5 LIMIT 1   [ RunTime:0.0000s ]
INFO: [ view_parse ] --START--
INFO: [ template_filter ] --START--
INFO: Run Behavior\ContentReplaceBehavior [ RunTime:0.000000s ]
INFO: [ template_filter ] --END-- [ RunTime:0.000000s ]
NOTIC: [8] Undefined index: secpwd C:\www\kj\User\Runtime\Cache\Home\c2994bc2cb9f025897d4a7cda77ac2b7.php 第 703 行.
INFO: Run Behavior\ParseTemplateBehavior [ RunTime:0.012000s ]
INFO: [ view_parse ] --END-- [ RunTime:0.012000s ]
INFO: [ view_filter ] --START--
INFO: Run Behavior\WriteHtmlCacheBehavior [ RunTime:0.000000s ]
INFO: Run Behavior\TokenBuildBehavior [ RunTime:0.000000s ]
INFO: [ view_filter ] --END-- [ RunTime:0.000000s ]
INFO: [ app_end ] --START--
INFO: Run Behavior\ShowPageTraceBehavior [ RunTime:0.001000s ]
INFO: [ app_end ] --END-- [ RunTime:0.001000s ]

[ 2018-12-17T09:57:57+08:00 ] 127.0.0.1 /index.php/Home/Ajax/getgp.html
INFO: [ app_init ] --START--
INFO: Run Behavior\BuildLiteBehavior [ RunTime:0.000000s ]
INFO: [ app_init ] --END-- [ RunTime:0.000000s ]
INFO: [ app_begin ] --START--
INFO: Run Behavior\ReadHtmlCacheBehavior [ RunTime:0.000000s ]
INFO: [ app_begin ] --END-- [ RunTime:0.001000s ]
NOTIC: [2] session_start(): Cannot send session cache limiter - headers already sent C:\www\kj\ThinkPHP\Common\functions.php 第 1263 行.
NOTIC: [2] Cannot modify header information - headers already sent C:\www\kj\User\Home\Controller\Basis1Controller.class.php 第 6 行.
SQL: SHOW COLUMNS FROM `jk_date` [ RunTime:0.0050s ]
SQL: SELECT `date`,`price` FROM `jk_date` WHERE ( `date` > 1544976000 AND `date` < 1545062399  )  [ RunTime:0.0010s ]
INFO: [ app_end ] --START--
INFO: Run Behavior\ShowPageTraceBehavior [ RunTime:0.001000s ]
INFO: [ app_end ] --END-- [ RunTime:0.001000s ]

[ 2018-12-17T09:58:04+08:00 ] 127.0.0.1 /index.php/Home/Info/Index/
INFO: [ app_init ] --START--
INFO: Run Behavior\BuildLiteBehavior [ RunTime:0.000000s ]
INFO: [ app_init ] --END-- [ RunTime:0.001000s ]
INFO: [ app_begin ] --START--
INFO: Run Behavior\ReadHtmlCacheBehavior [ RunTime:0.000000s ]
INFO: [ app_begin ] --END-- [ RunTime:0.000000s ]
SQL: SHOW COLUMNS FROM `jk_system` [ RunTime:0.0070s ]
SQL: SELECT * FROM `jk_system` WHERE `SYS_ID` = 1 LIMIT 1   [ RunTime:0.0010s ]
SQL: SHOW COLUMNS FROM `jk_user` [ RunTime:0.0100s ]
SQL: SELECT * FROM `jk_user` WHERE `UE_ID` = 14 LIMIT 1   [ RunTime:0.0010s ]
SQL: SHOW COLUMNS FROM `jk_ppdd` [ RunTime:0.0050s ]
SQL: SELECT * FROM `jk_ppdd` WHERE `g_user` = '15696109391' AND `zt` = 1 LIMIT 1   [ RunTime:0.0000s ]
SQL: SELECT * FROM `jk_ppdd` WHERE `g_user` = '15696109391' AND `zt` = 1 LIMIT 1   [ RunTime:0.0000s ]
SQL: SELECT * FROM `jk_user` WHERE `UE_account` = '15696109391' LIMIT 1   [ RunTime:0.0010s ]
SQL: UPDATE `jk_ppdd` SET `zt`='0',`jydate`='',`g_name`='',`g_user`='',`g_level`='',`g_id`='' WHERE `g_user` = '15696109391' AND `zt` = 1 [ RunTime:0.0000s ]
NOTIC: [8] Use of undefined constant date - assumed 'date' C:\www\kj\User\Home\Controller\CommonController.class.php 第 88 行.
SQL: SHOW COLUMNS FROM `jk_date` [ RunTime:0.0050s ]
SQL: SELECT * FROM `jk_date` WHERE `date` = 1544976030 LIMIT 1   [ RunTime:0.0000s ]
SQL: SELECT * FROM `jk_user` WHERE `UE_account` = '15696109391' LIMIT 1   [ RunTime:0.0000s ]
SQL: SELECT * FROM `jk_ppdd` WHERE ( `zt` = '0' OR `zt` = '1' ) AND `datatype` = 'qglkb' ORDER BY zt asc, danjia desc  [ RunTime:0.0010s ]
SQL: SELECT * FROM `jk_ppdd` WHERE `datatype` = 'cslkb' AND ( `zt` = '0' OR `zt` = '1' ) ORDER BY zt asc, danjia desc  [ RunTime:0.0000s ]
SQL: SELECT * FROM `jk_date` ORDER BY id desc LIMIT 1   [ RunTime:0.0010s ]
SQL: SELECT SUM(lkb) AS tp_sum FROM `jk_ppdd` WHERE ( `jydate` > '2018-12-17 00:00:00' AND `jydate` < '2018-12-17 23:59:59'  ) LIMIT 1   [ RunTime:0.0000s ]
SQL: SHOW COLUMNS FROM `jk_jyl` [ RunTime:0.0050s ]
SQL: SELECT * FROM `jk_jyl` ORDER BY id desc LIMIT 1   [ RunTime:0.0010s ]
SQL: SELECT * FROM `jk_date` WHERE ( `date` > 1544889600 AND `date` < 1544975999  ) ORDER BY id desc LIMIT 1   [ RunTime:0.0000s ]
SQL: SELECT * FROM `jk_date` WHERE ( `date` >= 1544976000 AND `date` < 1545062399  ) ORDER BY id asc LIMIT 1   [ RunTime:0.0000s ]
SQL: SELECT MAX(price) AS tp_max FROM `jk_date` WHERE ( `date` >= 1544976000 AND `date` < 1545062399  ) LIMIT 1   [ RunTime:0.0010s ]
SQL: SELECT MIN(price) AS tp_min FROM `jk_date` WHERE ( `date` >= 1544976000 AND `date` < 1545062399  ) LIMIT 1   [ RunTime:0.0000s ]
NOTIC: [8] Use of undefined constant ridate - assumed 'ridate' C:\www\kj\User\Home\Controller\InfoController.class.php 第 84 行.
SQL: SHOW COLUMNS FROM `jk_ridate` [ RunTime:0.0040s ]
SQL: SELECT * FROM `jk_ridate` WHERE `date` = 1544976000 LIMIT 1   [ RunTime:0.0000s ]
SQL: SELECT * FROM `jk_user` WHERE `UE_account` = '15696109391' LIMIT 1   [ RunTime:0.0010s ]
SQL: SHOW COLUMNS FROM `jk_config` [ RunTime:0.0030s ]
SQL: SELECT * FROM `jk_config` WHERE `id` = 1 LIMIT 1   [ RunTime:0.0010s ]
SQL: SELECT * FROM `jk_config` WHERE `id` = 2 LIMIT 1   [ RunTime:0.0000s ]
SQL: SELECT * FROM `jk_config` WHERE `id` = 5 LIMIT 1   [ RunTime:0.0000s ]
INFO: [ view_parse ] --START--
INFO: [ template_filter ] --START--
INFO: Run Behavior\ContentReplaceBehavior [ RunTime:0.000000s ]
INFO: [ template_filter ] --END-- [ RunTime:0.000000s ]
NOTIC: [8] Undefined index: secpwd C:\www\kj\User\Runtime\Cache\Home\c2994bc2cb9f025897d4a7cda77ac2b7.php 第 703 行.
INFO: Run Behavior\ParseTemplateBehavior [ RunTime:0.010000s ]
INFO: [ view_parse ] --END-- [ RunTime:0.010000s ]
INFO: [ view_filter ] --START--
INFO: Run Behavior\WriteHtmlCacheBehavior [ RunTime:0.000000s ]
INFO: Run Behavior\TokenBuildBehavior [ RunTime:0.000000s ]
INFO: [ view_filter ] --END-- [ RunTime:0.000000s ]
INFO: [ app_end ] --START--
INFO: Run Behavior\ShowPageTraceBehavior [ RunTime:0.000000s ]
INFO: [ app_end ] --END-- [ RunTime:0.000000s ]

[ 2018-12-17T09:58:05+08:00 ] 127.0.0.1 /index.php/Home/Ajax/getgp.html
INFO: [ app_init ] --START--
INFO: Run Behavior\BuildLiteBehavior [ RunTime:0.000000s ]
INFO: [ app_init ] --END-- [ RunTime:0.000000s ]
INFO: [ app_begin ] --START--
INFO: Run Behavior\ReadHtmlCacheBehavior [ RunTime:0.000000s ]
INFO: [ app_begin ] --END-- [ RunTime:0.000000s ]
NOTIC: [2] session_start(): Cannot send session cache limiter - headers already sent C:\www\kj\ThinkPHP\Common\functions.php 第 1263 行.
NOTIC: [2] Cannot modify header information - headers already sent C:\www\kj\User\Home\Controller\Basis1Controller.class.php 第 6 行.
SQL: SHOW COLUMNS FROM `jk_date` [ RunTime:0.0070s ]
SQL: SELECT `date`,`price` FROM `jk_date` WHERE ( `date` > 1544976000 AND `date` < 1545062399  )  [ RunTime:0.0000s ]
INFO: [ app_end ] --START--
INFO: Run Behavior\ShowPageTraceBehavior [ RunTime:0.000000s ]
INFO: [ app_end ] --END-- [ RunTime:0.000000s ]

[ 2018-12-17T10:17:41+08:00 ] 127.0.0.1 /
INFO: [ app_init ] --START--
INFO: Run Behavior\BuildLiteBehavior [ RunTime:0.000000s ]
INFO: [ app_init ] --END-- [ RunTime:0.001000s ]

[ 2018-12-17T10:18:39+08:00 ] 127.0.0.1 /
INFO: [ app_init ] --START--
INFO: Run Behavior\BuildLiteBehavior [ RunTime:0.000000s ]
INFO: [ app_init ] --END-- [ RunTime:0.001000s ]
INFO: [ app_begin ] --START--
INFO: Run Behavior\ReadHtmlCacheBehavior [ RunTime:0.003000s ]
INFO: [ app_begin ] --END-- [ RunTime:0.003000s ]
SQL: SHOW COLUMNS FROM `jk_userget` [ RunTime:0.0080s ]
NOTIC: [8] Use of undefined constant wakuang - assumed 'wakuang' C:\www\kj\User\Home\Controller\IndexController.class.php 第 15 行.
SQL: SELECT * FROM `jk_userget` WHERE `UG_account` = '15696109391' AND `UG_dataType` = 'wakuang' ORDER BY UG_ID DESC  [ RunTime:0.0010s ]
SQL: SHOW COLUMNS FROM `jk_user` [ RunTime:0.0110s ]
SQL: SELECT * FROM `jk_user` WHERE `UE_account` = '15696109391' LIMIT 1   [ RunTime:0.0010s ]
INFO: [ view_parse ] --START--
INFO: [ template_filter ] --START--
INFO: Run Behavior\ContentReplaceBehavior [ RunTime:0.000000s ]
INFO: [ template_filter ] --END-- [ RunTime:0.001000s ]
INFO: Run Behavior\ParseTemplateBehavior [ RunTime:0.017000s ]
INFO: [ view_parse ] --END-- [ RunTime:0.017000s ]
INFO: [ view_filter ] --START--
INFO: Run Behavior\WriteHtmlCacheBehavior [ RunTime:0.001000s ]
INFO: Run Behavior\TokenBuildBehavior [ RunTime:0.001000s ]
INFO: [ view_filter ] --END-- [ RunTime:0.002000s ]
INFO: [ app_end ] --START--
INFO: Run Behavior\ShowPageTraceBehavior [ RunTime:0.001000s ]
INFO: [ app_end ] --END-- [ RunTime:0.001000s ]

[ 2018-12-17T10:18:43+08:00 ] 127.0.0.1 /index.php/Home/Info/Index/
INFO: [ app_init ] --START--
INFO: Run Behavior\BuildLiteBehavior [ RunTime:0.000000s ]
INFO: [ app_init ] --END-- [ RunTime:0.001000s ]
INFO: [ app_begin ] --START--
INFO: Run Behavior\ReadHtmlCacheBehavior [ RunTime:0.000000s ]
INFO: [ app_begin ] --END-- [ RunTime:0.000000s ]
SQL: SHOW COLUMNS FROM `jk_system` [ RunTime:0.0140s ]
SQL: SELECT * FROM `jk_system` WHERE `SYS_ID` = 1 LIMIT 1   [ RunTime:0.0000s ]
SQL: SHOW COLUMNS FROM `jk_user` [ RunTime:0.0090s ]
SQL: SELECT * FROM `jk_user` WHERE `UE_ID` = 14 LIMIT 1   [ RunTime:0.0000s ]
SQL: SHOW COLUMNS FROM `jk_ppdd` [ RunTime:0.0060s ]
SQL: SELECT * FROM `jk_ppdd` WHERE `g_user` = '15696109391' AND `zt` = 1 LIMIT 1   [ RunTime:0.0010s ]
SQL: SELECT * FROM `jk_ppdd` WHERE `g_user` = '15696109391' AND `zt` = 1 LIMIT 1   [ RunTime:0.0000s ]
SQL: SELECT * FROM `jk_user` WHERE `UE_account` = '15696109391' LIMIT 1   [ RunTime:0.0000s ]
SQL: UPDATE `jk_ppdd` SET `zt`='0',`jydate`='',`g_name`='',`g_user`='',`g_level`='',`g_id`='' WHERE `g_user` = '15696109391' AND `zt` = 1 [ RunTime:0.0000s ]
NOTIC: [8] Use of undefined constant date - assumed 'date' C:\www\kj\User\Home\Controller\CommonController.class.php 第 88 行.
SQL: SHOW COLUMNS FROM `jk_date` [ RunTime:0.0060s ]
SQL: SELECT * FROM `jk_date` WHERE `date` = 1544976030 LIMIT 1   [ RunTime:0.0010s ]
SQL: SELECT * FROM `jk_user` WHERE `UE_account` = '15696109391' LIMIT 1   [ RunTime:0.0000s ]
SQL: SELECT * FROM `jk_ppdd` WHERE ( `zt` = '0' OR `zt` = '1' ) AND `datatype` = 'qglkb' ORDER BY zt asc, danjia desc  [ RunTime:0.0000s ]
SQL: SELECT * FROM `jk_ppdd` WHERE `datatype` = 'cslkb' AND ( `zt` = '0' OR `zt` = '1' ) ORDER BY zt asc, danjia desc  [ RunTime:0.0010s ]
SQL: SELECT * FROM `jk_date` ORDER BY id desc LIMIT 1   [ RunTime:0.0000s ]
SQL: SELECT SUM(lkb) AS tp_sum FROM `jk_ppdd` WHERE ( `jydate` > '2018-12-17 00:00:00' AND `jydate` < '2018-12-17 23:59:59'  ) LIMIT 1   [ RunTime:0.0000s ]
SQL: SHOW COLUMNS FROM `jk_jyl` [ RunTime:0.0030s ]
SQL: SELECT * FROM `jk_jyl` ORDER BY id desc LIMIT 1   [ RunTime:0.0000s ]
SQL: SELECT * FROM `jk_date` WHERE ( `date` > 1544889600 AND `date` < 1544975999  ) ORDER BY id desc LIMIT 1   [ RunTime:0.0000s ]
SQL: SELECT * FROM `jk_date` WHERE ( `date` >= 1544976000 AND `date` < 1545062399  ) ORDER BY id asc LIMIT 1   [ RunTime:0.0000s ]
SQL: SELECT MAX(price) AS tp_max FROM `jk_date` WHERE ( `date` >= 1544976000 AND `date` < 1545062399  ) LIMIT 1   [ RunTime:0.0000s ]
SQL: SELECT MIN(price) AS tp_min FROM `jk_date` WHERE ( `date` >= 1544976000 AND `date` < 1545062399  ) LIMIT 1   [ RunTime:0.0000s ]
NOTIC: [8] Use of undefined constant ridate - assumed 'ridate' C:\www\kj\User\Home\Controller\InfoController.class.php 第 84 行.
SQL: SHOW COLUMNS FROM `jk_ridate` [ RunTime:0.0040s ]
SQL: SELECT * FROM `jk_ridate` WHERE `date` = 1544976000 LIMIT 1   [ RunTime:0.0000s ]
SQL: SELECT * FROM `jk_user` WHERE `UE_account` = '15696109391' LIMIT 1   [ RunTime:0.0010s ]
SQL: SHOW COLUMNS FROM `jk_config` [ RunTime:0.0030s ]
SQL: SELECT * FROM `jk_config` WHERE `id` = 1 LIMIT 1   [ RunTime:0.0010s ]
SQL: SELECT * FROM `jk_config` WHERE `id` = 2 LIMIT 1   [ RunTime:0.0000s ]
SQL: SELECT * FROM `jk_config` WHERE `id` = 5 LIMIT 1   [ RunTime:0.0000s ]
INFO: [ view_parse ] --START--
INFO: [ template_filter ] --START--
INFO: Run Behavior\ContentReplaceBehavior [ RunTime:0.000000s ]
INFO: [ template_filter ] --END-- [ RunTime:0.000000s ]
NOTIC: [8] Undefined index: secpwd C:\www\kj\User\Runtime\Cache\Home\c2994bc2cb9f025897d4a7cda77ac2b7.php 第 703 行.
INFO: Run Behavior\ParseTemplateBehavior [ RunTime:0.017000s ]
INFO: [ view_parse ] --END-- [ RunTime:0.017000s ]
INFO: [ view_filter ] --START--
INFO: Run Behavior\WriteHtmlCacheBehavior [ RunTime:0.000000s ]
INFO: Run Behavior\TokenBuildBehavior [ RunTime:0.000000s ]
INFO: [ view_filter ] --END-- [ RunTime:0.000000s ]
INFO: [ app_end ] --START--
INFO: Run Behavior\ShowPageTraceBehavior [ RunTime:0.000000s ]
INFO: [ app_end ] --END-- [ RunTime:0.000000s ]

[ 2018-12-17T10:18:44+08:00 ] 127.0.0.1 /index.php/Home/Ajax/getgp.html
INFO: [ app_init ] --START--
INFO: Run Behavior\BuildLiteBehavior [ RunTime:0.000000s ]
INFO: [ app_init ] --END-- [ RunTime:0.001000s ]
INFO: [ app_begin ] --START--
INFO: Run Behavior\ReadHtmlCacheBehavior [ RunTime:0.001000s ]
INFO: [ app_begin ] --END-- [ RunTime:0.001000s ]
NOTIC: [2] session_start(): Cannot send session cache limiter - headers already sent C:\www\kj\ThinkPHP\Common\functions.php 第 1263 行.
NOTIC: [2] Cannot modify header information - headers already sent C:\www\kj\User\Home\Controller\Basis1Controller.class.php 第 6 行.
SQL: SHOW COLUMNS FROM `jk_date` [ RunTime:0.0130s ]
SQL: SELECT `date`,`price` FROM `jk_date` WHERE ( `date` > 1544976000 AND `date` < 1545062399  )  [ RunTime:0.0010s ]
INFO: [ app_end ] --START--
INFO: Run Behavior\ShowPageTraceBehavior [ RunTime:0.002000s ]
INFO: [ app_end ] --END-- [ RunTime:0.002000s ]

[ 2018-12-17T10:19:00+08:00 ] 127.0.0.1 /Index.php/Home/Info/erjimima.html?pwd=123123
INFO: [ app_init ] --START--
INFO: Run Behavior\BuildLiteBehavior [ RunTime:0.000000s ]
INFO: [ app_init ] --END-- [ RunTime:0.000000s ]
INFO: [ app_begin ] --START--
INFO: Run Behavior\ReadHtmlCacheBehavior [ RunTime:0.001000s ]
INFO: [ app_begin ] --END-- [ RunTime:0.001000s ]
SQL: SHOW COLUMNS FROM `jk_system` [ RunTime:0.0180s ]
SQL: SELECT * FROM `jk_system` WHERE `SYS_ID` = 1 LIMIT 1   [ RunTime:0.0010s ]
SQL: SHOW COLUMNS FROM `jk_user` [ RunTime:0.0100s ]
SQL: SELECT * FROM `jk_user` WHERE `UE_ID` = 14 LIMIT 1   [ RunTime:0.0010s ]
SQL: SHOW COLUMNS FROM `jk_ppdd` [ RunTime:0.0080s ]
SQL: SELECT * FROM `jk_ppdd` WHERE `g_user` = '15696109391' AND `zt` = 1 LIMIT 1   [ RunTime:0.0010s ]
SQL: SELECT * FROM `jk_ppdd` WHERE `g_user` = '15696109391' AND `zt` = 1 LIMIT 1   [ RunTime:0.0010s ]
SQL: SELECT * FROM `jk_user` WHERE `UE_account` = '15696109391' LIMIT 1   [ RunTime:0.0000s ]
SQL: UPDATE `jk_ppdd` SET `zt`='0',`jydate`='',`g_name`='',`g_user`='',`g_level`='',`g_id`='' WHERE `g_user` = '15696109391' AND `zt` = 1 [ RunTime:0.0000s ]
NOTIC: [8] Use of undefined constant date - assumed 'date' C:\www\kj\User\Home\Controller\CommonController.class.php 第 88 行.
SQL: SHOW COLUMNS FROM `jk_date` [ RunTime:0.0070s ]
SQL: SELECT * FROM `jk_date` WHERE `date` = 1544976030 LIMIT 1   [ RunTime:0.0000s ]
SQL: SELECT * FROM `jk_user` WHERE `UE_account` = '15696109391' LIMIT 1   [ RunTime:0.0010s ]

[ 2018-12-17T10:19:02+08:00 ] 127.0.0.1 /index.php/Home/Info/Index/
INFO: [ app_init ] --START--
INFO: Run Behavior\BuildLiteBehavior [ RunTime:0.000000s ]
INFO: [ app_init ] --END-- [ RunTime:0.000000s ]
INFO: [ app_begin ] --START--
INFO: Run Behavior\ReadHtmlCacheBehavior [ RunTime:0.000000s ]
INFO: [ app_begin ] --END-- [ RunTime:0.000000s ]
SQL: SHOW COLUMNS FROM `jk_system` [ RunTime:0.0100s ]
SQL: SELECT * FROM `jk_system` WHERE `SYS_ID` = 1 LIMIT 1   [ RunTime:0.0010s ]
SQL: SHOW COLUMNS FROM `jk_user` [ RunTime:0.0100s ]
SQL: SELECT * FROM `jk_user` WHERE `UE_ID` = 14 LIMIT 1   [ RunTime:0.0010s ]
SQL: SHOW COLUMNS FROM `jk_ppdd` [ RunTime:0.0050s ]
SQL: SELECT * FROM `jk_ppdd` WHERE `g_user` = '15696109391' AND `zt` = 1 LIMIT 1   [ RunTime:0.0010s ]
SQL: SELECT * FROM `jk_ppdd` WHERE `g_user` = '15696109391' AND `zt` = 1 LIMIT 1   [ RunTime:0.0000s ]
SQL: SELECT * FROM `jk_user` WHERE `UE_account` = '15696109391' LIMIT 1   [ RunTime:0.0010s ]
SQL: UPDATE `jk_ppdd` SET `zt`='0',`jydate`='',`g_name`='',`g_user`='',`g_level`='',`g_id`='' WHERE `g_user` = '15696109391' AND `zt` = 1 [ RunTime:0.0000s ]
NOTIC: [8] Use of undefined constant date - assumed 'date' C:\www\kj\User\Home\Controller\CommonController.class.php 第 88 行.
SQL: SHOW COLUMNS FROM `jk_date` [ RunTime:0.0040s ]
SQL: SELECT * FROM `jk_date` WHERE `date` = 1544976030 LIMIT 1   [ RunTime:0.0000s ]
SQL: SELECT * FROM `jk_user` WHERE `UE_account` = '15696109391' LIMIT 1   [ RunTime:0.0000s ]
SQL: SELECT * FROM `jk_ppdd` WHERE ( `zt` = '0' OR `zt` = '1' ) AND `datatype` = 'qglkb' ORDER BY zt asc, danjia desc  [ RunTime:0.0010s ]
SQL: SELECT * FROM `jk_ppdd` WHERE `datatype` = 'cslkb' AND ( `zt` = '0' OR `zt` = '1' ) ORDER BY zt asc, danjia desc  [ RunTime:0.0000s ]
SQL: SELECT * FROM `jk_date` ORDER BY id desc LIMIT 1   [ RunTime:0.0000s ]
SQL: SELECT SUM(lkb) AS tp_sum FROM `jk_ppdd` WHERE ( `jydate` > '2018-12-17 00:00:00' AND `jydate` < '2018-12-17 23:59:59'  ) LIMIT 1   [ RunTime:0.0000s ]
SQL: SHOW COLUMNS FROM `jk_jyl` [ RunTime:0.0040s ]
SQL: SELECT * FROM `jk_jyl` ORDER BY id desc LIMIT 1   [ RunTime:0.0010s ]
SQL: SELECT * FROM `jk_date` WHERE ( `date` > 1544889600 AND `date` < 1544975999  ) ORDER BY id desc LIMIT 1   [ RunTime:0.0000s ]
SQL: SELECT * FROM `jk_date` WHERE ( `date` >= 1544976000 AND `date` < 1545062399  ) ORDER BY id asc LIMIT 1   [ RunTime:0.0010s ]
SQL: SELECT MAX(price) AS tp_max FROM `jk_date` WHERE ( `date` >= 1544976000 AND `date` < 1545062399  ) LIMIT 1   [ RunTime:0.0000s ]
SQL: SELECT MIN(price) AS tp_min FROM `jk_date` WHERE ( `date` >= 1544976000 AND `date` < 1545062399  ) LIMIT 1   [ RunTime:0.0010s ]
NOTIC: [8] Use of undefined constant ridate - assumed 'ridate' C:\www\kj\User\Home\Controller\InfoController.class.php 第 84 行.
SQL: SHOW COLUMNS FROM `jk_ridate` [ RunTime:0.0040s ]
SQL: SELECT * FROM `jk_ridate` WHERE `date` = 1544976000 LIMIT 1   [ RunTime:0.0000s ]
SQL: SELECT * FROM `jk_user` WHERE `UE_account` = '15696109391' LIMIT 1   [ RunTime:0.0000s ]
SQL: SHOW COLUMNS FROM `jk_config` [ RunTime:0.0040s ]
SQL: SELECT * FROM `jk_config` WHERE `id` = 1 LIMIT 1   [ RunTime:0.0000s ]
SQL: SELECT * FROM `jk_config` WHERE `id` = 2 LIMIT 1   [ RunTime:0.0010s ]
SQL: SELECT * FROM `jk_config` WHERE `id` = 5 LIMIT 1   [ RunTime:0.0000s ]
INFO: [ view_parse ] --START--
INFO: [ template_filter ] --START--
INFO: Run Behavior\ContentReplaceBehavior [ RunTime:0.000000s ]
INFO: [ template_filter ] --END-- [ RunTime:0.000000s ]
NOTIC: [8] Undefined index: secpwd C:\www\kj\User\Runtime\Cache\Home\c2994bc2cb9f025897d4a7cda77ac2b7.php 第 703 行.
INFO: Run Behavior\ParseTemplateBehavior [ RunTime:0.010000s ]
INFO: [ view_parse ] --END-- [ RunTime:0.010000s ]
INFO: [ view_filter ] --START--
INFO: Run Behavior\WriteHtmlCacheBehavior [ RunTime:0.000000s ]
INFO: Run Behavior\TokenBuildBehavior [ RunTime:0.001000s ]
INFO: [ view_filter ] --END-- [ RunTime:0.001000s ]
INFO: [ app_end ] --START--
INFO: Run Behavior\ShowPageTraceBehavior [ RunTime:0.000000s ]
INFO: [ app_end ] --END-- [ RunTime:0.000000s ]

[ 2018-12-17T10:19:04+08:00 ] 127.0.0.1 /index.php/Home/Ajax/getgp.html
INFO: [ app_init ] --START--
INFO: Run Behavior\BuildLiteBehavior [ RunTime:0.000000s ]
INFO: [ app_init ] --END-- [ RunTime:0.000000s ]
INFO: [ app_begin ] --START--
INFO: Run Behavior\ReadHtmlCacheBehavior [ RunTime:0.001000s ]
INFO: [ app_begin ] --END-- [ RunTime:0.001000s ]
NOTIC: [2] session_start(): Cannot send session cache limiter - headers already sent C:\www\kj\ThinkPHP\Common\functions.php 第 1263 行.
NOTIC: [2] Cannot modify header information - headers already sent C:\www\kj\User\Home\Controller\Basis1Controller.class.php 第 6 行.
SQL: SHOW COLUMNS FROM `jk_date` [ RunTime:0.0060s ]
SQL: SELECT `date`,`price` FROM `jk_date` WHERE ( `date` > 1544976000 AND `date` < 1545062399  )  [ RunTime:0.0000s ]
INFO: [ app_end ] --START--
INFO: Run Behavior\ShowPageTraceBehavior [ RunTime:0.001000s ]
INFO: [ app_end ] --END-- [ RunTime:0.001000s ]

[ 2018-12-17T10:19:40+08:00 ] 127.0.0.1 /Index.php/Home/Info/erjimima.html?pwd=123123
INFO: [ app_init ] --START--
INFO: Run Behavior\BuildLiteBehavior [ RunTime:0.000000s ]
INFO: [ app_init ] --END-- [ RunTime:0.001000s ]
INFO: [ app_begin ] --START--
INFO: Run Behavior\ReadHtmlCacheBehavior [ RunTime:0.000000s ]
INFO: [ app_begin ] --END-- [ RunTime:0.000000s ]
SQL: SHOW COLUMNS FROM `jk_system` [ RunTime:0.0110s ]
SQL: SELECT * FROM `jk_system` WHERE `SYS_ID` = 1 LIMIT 1   [ RunTime:0.0020s ]
SQL: SHOW COLUMNS FROM `jk_user` [ RunTime:0.0140s ]
SQL: SELECT * FROM `jk_user` WHERE `UE_ID` = 14 LIMIT 1   [ RunTime:0.0000s ]
SQL: SHOW COLUMNS FROM `jk_ppdd` [ RunTime:0.0050s ]
SQL: SELECT * FROM `jk_ppdd` WHERE `g_user` = '15696109391' AND `zt` = 1 LIMIT 1   [ RunTime:0.0000s ]
SQL: SELECT * FROM `jk_ppdd` WHERE `g_user` = '15696109391' AND `zt` = 1 LIMIT 1   [ RunTime:0.0010s ]
SQL: SELECT * FROM `jk_user` WHERE `UE_account` = '15696109391' LIMIT 1   [ RunTime:0.0000s ]
SQL: UPDATE `jk_ppdd` SET `zt`='0',`jydate`='',`g_name`='',`g_user`='',`g_level`='',`g_id`='' WHERE `g_user` = '15696109391' AND `zt` = 1 [ RunTime:0.0000s ]
NOTIC: [8] Use of undefined constant date - assumed 'date' C:\www\kj\User\Home\Controller\CommonController.class.php 第 88 行.
SQL: SHOW COLUMNS FROM `jk_date` [ RunTime:0.0070s ]
SQL: SELECT * FROM `jk_date` WHERE `date` = 1544976030 LIMIT 1   [ RunTime:0.0000s ]
SQL: SELECT * FROM `jk_user` WHERE `UE_account` = '15696109391' LIMIT 1   [ RunTime:0.0010s ]

[ 2018-12-17T11:45:37+08:00 ] 127.0.0.1 /Home/login.html
INFO: [ app_init ] --START--
INFO: Run Behavior\BuildLiteBehavior [ RunTime:0.000015s ]
INFO: [ app_init ] --END-- [ RunTime:0.000279s ]
INFO: [ app_begin ] --START--
INFO: Run Behavior\ReadHtmlCacheBehavior [ RunTime:0.000314s ]
INFO: [ app_begin ] --END-- [ RunTime:0.000345s ]
INFO: [ view_parse ] --START--
INFO: [ template_filter ] --START--
INFO: Run Behavior\ContentReplaceBehavior [ RunTime:0.000044s ]
INFO: [ template_filter ] --END-- [ RunTime:0.000085s ]
INFO: Run Behavior\ParseTemplateBehavior [ RunTime:0.049268s ]
INFO: [ view_parse ] --END-- [ RunTime:0.049303s ]
INFO: [ view_filter ] --START--
INFO: Run Behavior\WriteHtmlCacheBehavior [ RunTime:0.000264s ]
INFO: Run Behavior\TokenBuildBehavior [ RunTime:0.000287s ]
INFO: [ view_filter ] --END-- [ RunTime:0.000594s ]
INFO: [ app_end ] --START--
INFO: Run Behavior\ShowPageTraceBehavior [ RunTime:0.000381s ]
INFO: [ app_end ] --END-- [ RunTime:0.000407s ]

