[ 2018-12-11T13:35:34+08:00 ] 127.0.0.1 /
INFO: [ app_init ] --START--
INFO: Run Behavior\BuildLiteBehavior [ RunTime:0.000000s ]
INFO: [ app_init ] --END-- [ RunTime:0.005000s ]
INFO: [ app_begin ] --START--
INFO: Run Behavior\ReadHtmlCacheBehavior [ RunTime:0.001000s ]
INFO: [ app_begin ] --END-- [ RunTime:0.001000s ]

[ 2018-12-11T13:35:34+08:00 ] 127.0.0.1 /Index.php/Home/Login/index.html
INFO: [ app_init ] --START--
INFO: Run Behavior\BuildLiteBehavior [ RunTime:0.000000s ]
INFO: [ app_init ] --END-- [ RunTime:0.000000s ]
INFO: [ app_begin ] --START--
INFO: Run Behavior\ReadHtmlCacheBehavior [ RunTime:0.001000s ]
INFO: [ app_begin ] --END-- [ RunTime:0.001000s ]
INFO: [ view_parse ] --START--
INFO: [ template_filter ] --START--
INFO: Run Behavior\ContentReplaceBehavior [ RunTime:0.001000s ]
INFO: [ template_filter ] --END-- [ RunTime:0.001000s ]
INFO: Run Behavior\ParseTemplateBehavior [ RunTime:0.015000s ]
INFO: [ view_parse ] --END-- [ RunTime:0.015000s ]
INFO: [ view_filter ] --START--
INFO: Run Behavior\WriteHtmlCacheBehavior [ RunTime:0.001000s ]
INFO: Run Behavior\TokenBuildBehavior [ RunTime:0.001000s ]
INFO: [ view_filter ] --END-- [ RunTime:0.002000s ]
INFO: [ app_end ] --START--
INFO: Run Behavior\ShowPageTraceBehavior [ RunTime:0.001000s ]
INFO: [ app_end ] --END-- [ RunTime:0.001000s ]

[ 2018-12-11T13:35:38+08:00 ] 127.0.0.1 /Index.php/Home/Login/index.html
INFO: [ app_init ] --START--
INFO: Run Behavior\BuildLiteBehavior [ RunTime:0.000000s ]
INFO: [ app_init ] --END-- [ RunTime:0.001000s ]
INFO: [ app_begin ] --START--
INFO: Run Behavior\ReadHtmlCacheBehavior [ RunTime:0.000000s ]
INFO: [ app_begin ] --END-- [ RunTime:0.000000s ]
INFO: [ view_parse ] --START--
INFO: [ template_filter ] --START--
INFO: Run Behavior\ContentReplaceBehavior [ RunTime:0.000000s ]
INFO: [ template_filter ] --END-- [ RunTime:0.000000s ]
INFO: Run Behavior\ParseTemplateBehavior [ RunTime:0.005000s ]
INFO: [ view_parse ] --END-- [ RunTime:0.005000s ]
INFO: [ view_filter ] --START--
INFO: Run Behavior\WriteHtmlCacheBehavior [ RunTime:0.000000s ]
INFO: Run Behavior\TokenBuildBehavior [ RunTime:0.001000s ]
INFO: [ view_filter ] --END-- [ RunTime:0.001000s ]
INFO: [ app_end ] --START--
INFO: Run Behavior\ShowPageTraceBehavior [ RunTime:0.000000s ]
INFO: [ app_end ] --END-- [ RunTime:0.000000s ]

[ 2018-12-11T13:35:49+08:00 ] 127.0.0.1 /index.php/Home/login/logincl.html
INFO: [ app_init ] --START--
INFO: Run Behavior\BuildLiteBehavior [ RunTime:0.000000s ]
INFO: [ app_init ] --END-- [ RunTime:0.000000s ]
INFO: [ app_begin ] --START--
INFO: Run Behavior\ReadHtmlCacheBehavior [ RunTime:0.000000s ]
INFO: [ app_begin ] --END-- [ RunTime:0.000000s ]
ERR: SQLSTATE[HY000] [1045] Access denied for user 'root'@'localhost' (using password: YES)

[ 2018-12-11T13:36:49+08:00 ] 127.0.0.1 /Index.php/Home/Login/index.html
INFO: [ app_init ] --START--
INFO: Run Behavior\BuildLiteBehavior [ RunTime:0.000000s ]
INFO: [ app_init ] --END-- [ RunTime:0.001000s ]
INFO: [ app_begin ] --START--
INFO: Run Behavior\ReadHtmlCacheBehavior [ RunTime:0.001000s ]
INFO: [ app_begin ] --END-- [ RunTime:0.001000s ]
INFO: [ view_parse ] --START--
INFO: [ template_filter ] --START--
INFO: Run Behavior\ContentReplaceBehavior [ RunTime:0.000000s ]
INFO: [ template_filter ] --END-- [ RunTime:0.000000s ]
INFO: Run Behavior\ParseTemplateBehavior [ RunTime:0.005000s ]
INFO: [ view_parse ] --END-- [ RunTime:0.005000s ]
INFO: [ view_filter ] --START--
INFO: Run Behavior\WriteHtmlCacheBehavior [ RunTime:0.000000s ]
INFO: Run Behavior\TokenBuildBehavior [ RunTime:0.001000s ]
INFO: [ view_filter ] --END-- [ RunTime:0.001000s ]
INFO: [ app_end ] --START--
INFO: Run Behavior\ShowPageTraceBehavior [ RunTime:0.001000s ]
INFO: [ app_end ] --END-- [ RunTime:0.001000s ]

[ 2018-12-11T13:39:13+08:00 ] 127.0.0.1 /Index.php/Home/Login/index.html
INFO: [ app_init ] --START--
INFO: Run Behavior\BuildLiteBehavior [ RunTime:0.000000s ]
INFO: [ app_init ] --END-- [ RunTime:0.001000s ]
INFO: [ app_begin ] --START--
INFO: Run Behavior\ReadHtmlCacheBehavior [ RunTime:0.001000s ]
INFO: [ app_begin ] --END-- [ RunTime:0.001000s ]
INFO: [ view_parse ] --START--
INFO: [ template_filter ] --START--
INFO: Run Behavior\ContentReplaceBehavior [ RunTime:0.000000s ]
INFO: [ template_filter ] --END-- [ RunTime:0.000000s ]
INFO: Run Behavior\ParseTemplateBehavior [ RunTime:0.006000s ]
INFO: [ view_parse ] --END-- [ RunTime:0.006000s ]
INFO: [ view_filter ] --START--
INFO: Run Behavior\WriteHtmlCacheBehavior [ RunTime:0.000000s ]
INFO: Run Behavior\TokenBuildBehavior [ RunTime:0.000000s ]
INFO: [ view_filter ] --END-- [ RunTime:0.000000s ]
INFO: [ app_end ] --START--
INFO: Run Behavior\ShowPageTraceBehavior [ RunTime:0.001000s ]
INFO: [ app_end ] --END-- [ RunTime:0.001000s ]

[ 2018-12-11T13:39:15+08:00 ] 127.0.0.1 /Index.php/Home/Login/index.html
INFO: [ app_init ] --START--
INFO: Run Behavior\BuildLiteBehavior [ RunTime:0.000000s ]
INFO: [ app_init ] --END-- [ RunTime:0.000000s ]
INFO: [ app_begin ] --START--
INFO: Run Behavior\ReadHtmlCacheBehavior [ RunTime:0.001000s ]
INFO: [ app_begin ] --END-- [ RunTime:0.001000s ]
INFO: [ view_parse ] --START--
INFO: [ template_filter ] --START--
INFO: Run Behavior\ContentReplaceBehavior [ RunTime:0.000000s ]
INFO: [ template_filter ] --END-- [ RunTime:0.001000s ]
INFO: Run Behavior\ParseTemplateBehavior [ RunTime:0.005000s ]
INFO: [ view_parse ] --END-- [ RunTime:0.005000s ]
INFO: [ view_filter ] --START--
INFO: Run Behavior\WriteHtmlCacheBehavior [ RunTime:0.001000s ]
INFO: Run Behavior\TokenBuildBehavior [ RunTime:0.000000s ]
INFO: [ view_filter ] --END-- [ RunTime:0.001000s ]
INFO: [ app_end ] --START--
INFO: Run Behavior\ShowPageTraceBehavior [ RunTime:0.000000s ]
INFO: [ app_end ] --END-- [ RunTime:0.000000s ]

[ 2018-12-11T13:39:28+08:00 ] 127.0.0.1 /Index.php/Home/Login/index.html
INFO: [ app_init ] --START--
INFO: Run Behavior\BuildLiteBehavior [ RunTime:0.000000s ]
INFO: [ app_init ] --END-- [ RunTime:0.000000s ]
INFO: [ app_begin ] --START--
INFO: Run Behavior\ReadHtmlCacheBehavior [ RunTime:0.001000s ]
INFO: [ app_begin ] --END-- [ RunTime:0.001000s ]
INFO: [ view_parse ] --START--
INFO: [ template_filter ] --START--
INFO: Run Behavior\ContentReplaceBehavior [ RunTime:0.000000s ]
INFO: [ template_filter ] --END-- [ RunTime:0.000000s ]
INFO: Run Behavior\ParseTemplateBehavior [ RunTime:0.005000s ]
INFO: [ view_parse ] --END-- [ RunTime:0.005000s ]
INFO: [ view_filter ] --START--
INFO: Run Behavior\WriteHtmlCacheBehavior [ RunTime:0.000000s ]
INFO: Run Behavior\TokenBuildBehavior [ RunTime:0.001000s ]
INFO: [ view_filter ] --END-- [ RunTime:0.001000s ]
INFO: [ app_end ] --START--
INFO: Run Behavior\ShowPageTraceBehavior [ RunTime:0.000000s ]
INFO: [ app_end ] --END-- [ RunTime:0.000000s ]

[ 2018-12-11T13:39:43+08:00 ] 127.0.0.1 /Index.php/Home/Login/index.html
INFO: [ app_init ] --START--
INFO: Run Behavior\BuildLiteBehavior [ RunTime:0.000000s ]
INFO: [ app_init ] --END-- [ RunTime:0.000000s ]
INFO: [ app_begin ] --START--
INFO: Run Behavior\ReadHtmlCacheBehavior [ RunTime:0.001000s ]
INFO: [ app_begin ] --END-- [ RunTime:0.001000s ]
INFO: [ view_parse ] --START--
INFO: [ template_filter ] --START--
INFO: Run Behavior\ContentReplaceBehavior [ RunTime:0.000000s ]
INFO: [ template_filter ] --END-- [ RunTime:0.000000s ]
INFO: Run Behavior\ParseTemplateBehavior [ RunTime:0.005000s ]
INFO: [ view_parse ] --END-- [ RunTime:0.005000s ]
INFO: [ view_filter ] --START--
INFO: Run Behavior\WriteHtmlCacheBehavior [ RunTime:0.000000s ]
INFO: Run Behavior\TokenBuildBehavior [ RunTime:0.001000s ]
INFO: [ view_filter ] --END-- [ RunTime:0.001000s ]
INFO: [ app_end ] --START--
INFO: Run Behavior\ShowPageTraceBehavior [ RunTime:0.000000s ]
INFO: [ app_end ] --END-- [ RunTime:0.000000s ]

[ 2018-12-11T13:39:51+08:00 ] 127.0.0.1 /Index.php/Home/Login/index.html
INFO: [ app_init ] --START--
INFO: Run Behavior\BuildLiteBehavior [ RunTime:0.000000s ]
INFO: [ app_init ] --END-- [ RunTime:0.000000s ]
INFO: [ app_begin ] --START--
INFO: Run Behavior\ReadHtmlCacheBehavior [ RunTime:0.000000s ]
INFO: [ app_begin ] --END-- [ RunTime:0.000000s ]
INFO: [ view_parse ] --START--
INFO: [ template_filter ] --START--
INFO: Run Behavior\ContentReplaceBehavior [ RunTime:0.000000s ]
INFO: [ template_filter ] --END-- [ RunTime:0.000000s ]
INFO: Run Behavior\ParseTemplateBehavior [ RunTime:0.004000s ]
INFO: [ view_parse ] --END-- [ RunTime:0.004000s ]
INFO: [ view_filter ] --START--
INFO: Run Behavior\WriteHtmlCacheBehavior [ RunTime:0.001000s ]
INFO: Run Behavior\TokenBuildBehavior [ RunTime:0.000000s ]
INFO: [ view_filter ] --END-- [ RunTime:0.001000s ]
INFO: [ app_end ] --START--
INFO: Run Behavior\ShowPageTraceBehavior [ RunTime:0.000000s ]
INFO: [ app_end ] --END-- [ RunTime:0.000000s ]

[ 2018-12-11T13:39:53+08:00 ] 127.0.0.1 /Index.php/Home/Login/index.html
INFO: [ app_init ] --START--
INFO: Run Behavior\BuildLiteBehavior [ RunTime:0.000000s ]
INFO: [ app_init ] --END-- [ RunTime:0.000000s ]
INFO: [ app_begin ] --START--
INFO: Run Behavior\ReadHtmlCacheBehavior [ RunTime:0.000000s ]
INFO: [ app_begin ] --END-- [ RunTime:0.000000s ]
INFO: [ view_parse ] --START--
INFO: [ template_filter ] --START--
INFO: Run Behavior\ContentReplaceBehavior [ RunTime:0.000000s ]
INFO: [ template_filter ] --END-- [ RunTime:0.000000s ]
INFO: Run Behavior\ParseTemplateBehavior [ RunTime:0.005000s ]
INFO: [ view_parse ] --END-- [ RunTime:0.005000s ]
INFO: [ view_filter ] --START--
INFO: Run Behavior\WriteHtmlCacheBehavior [ RunTime:0.000000s ]
INFO: Run Behavior\TokenBuildBehavior [ RunTime:0.000000s ]
INFO: [ view_filter ] --END-- [ RunTime:0.000000s ]
INFO: [ app_end ] --START--
INFO: Run Behavior\ShowPageTraceBehavior [ RunTime:0.002000s ]
INFO: [ app_end ] --END-- [ RunTime:0.002000s ]

[ 2018-12-11T13:39:54+08:00 ] 127.0.0.1 /Index.php/Home/Login/index.html
INFO: [ app_init ] --START--
INFO: Run Behavior\BuildLiteBehavior [ RunTime:0.000000s ]
INFO: [ app_init ] --END-- [ RunTime:0.001000s ]
INFO: [ app_begin ] --START--
INFO: Run Behavior\ReadHtmlCacheBehavior [ RunTime:0.000000s ]
INFO: [ app_begin ] --END-- [ RunTime:0.000000s ]
INFO: [ view_parse ] --START--
INFO: [ template_filter ] --START--
INFO: Run Behavior\ContentReplaceBehavior [ RunTime:0.000000s ]
INFO: [ template_filter ] --END-- [ RunTime:0.000000s ]
INFO: Run Behavior\ParseTemplateBehavior [ RunTime:0.005000s ]
INFO: [ view_parse ] --END-- [ RunTime:0.005000s ]
INFO: [ view_filter ] --START--
INFO: Run Behavior\WriteHtmlCacheBehavior [ RunTime:0.000000s ]
INFO: Run Behavior\TokenBuildBehavior [ RunTime:0.001000s ]
INFO: [ view_filter ] --END-- [ RunTime:0.001000s ]
INFO: [ app_end ] --START--
INFO: Run Behavior\ShowPageTraceBehavior [ RunTime:0.000000s ]
INFO: [ app_end ] --END-- [ RunTime:0.000000s ]

[ 2018-12-11T13:39:58+08:00 ] 127.0.0.1 /
INFO: [ app_init ] --START--
INFO: Run Behavior\BuildLiteBehavior [ RunTime:0.000000s ]
INFO: [ app_init ] --END-- [ RunTime:0.000000s ]
INFO: [ app_begin ] --START--
INFO: Run Behavior\ReadHtmlCacheBehavior [ RunTime:0.000000s ]
INFO: [ app_begin ] --END-- [ RunTime:0.001000s ]

[ 2018-12-11T13:39:58+08:00 ] 127.0.0.1 /Index.php/Home/Login/index.html
INFO: [ app_init ] --START--
INFO: Run Behavior\BuildLiteBehavior [ RunTime:0.000000s ]
INFO: [ app_init ] --END-- [ RunTime:0.000000s ]
INFO: [ app_begin ] --START--
INFO: Run Behavior\ReadHtmlCacheBehavior [ RunTime:0.000000s ]
INFO: [ app_begin ] --END-- [ RunTime:0.000000s ]
INFO: [ view_parse ] --START--
INFO: [ template_filter ] --START--
INFO: Run Behavior\ContentReplaceBehavior [ RunTime:0.000000s ]
INFO: [ template_filter ] --END-- [ RunTime:0.001000s ]
INFO: Run Behavior\ParseTemplateBehavior [ RunTime:0.007000s ]
INFO: [ view_parse ] --END-- [ RunTime:0.007000s ]
INFO: [ view_filter ] --START--
INFO: Run Behavior\WriteHtmlCacheBehavior [ RunTime:0.000000s ]
INFO: Run Behavior\TokenBuildBehavior [ RunTime:0.000000s ]
INFO: [ view_filter ] --END-- [ RunTime:0.000000s ]
INFO: [ app_end ] --START--
INFO: Run Behavior\ShowPageTraceBehavior [ RunTime:0.001000s ]
INFO: [ app_end ] --END-- [ RunTime:0.001000s ]

[ 2018-12-11T13:44:45+08:00 ] 127.0.0.1 /index.php/Home/login/logincl.html
INFO: [ app_init ] --START--
INFO: Run Behavior\BuildLiteBehavior [ RunTime:0.000000s ]
INFO: [ app_init ] --END-- [ RunTime:0.001000s ]
INFO: [ app_begin ] --START--
INFO: Run Behavior\ReadHtmlCacheBehavior [ RunTime:0.000000s ]
INFO: [ app_begin ] --END-- [ RunTime:0.000000s ]
SQL: SHOW COLUMNS FROM `jk_config` [ RunTime:0.0040s ]
SQL: SELECT * FROM `jk_config` WHERE `id` = 1 LIMIT 1   [ RunTime:0.0000s ]
SQL: SELECT * FROM `jk_config` WHERE `id` = 2 LIMIT 1   [ RunTime:0.0000s ]
SQL: SHOW COLUMNS FROM `jk_user` [ RunTime:0.0040s ]
SQL: SELECT * FROM `jk_user` WHERE `UE_account` = '' LIMIT 1   [ RunTime:0.0000s ]

[ 2018-12-11T13:44:47+08:00 ] 127.0.0.1 /index.php/Home/login/logincl.html
INFO: [ app_init ] --START--
INFO: Run Behavior\BuildLiteBehavior [ RunTime:0.000000s ]
INFO: [ app_init ] --END-- [ RunTime:0.000000s ]
INFO: [ app_begin ] --START--
INFO: Run Behavior\ReadHtmlCacheBehavior [ RunTime:0.001000s ]
INFO: [ app_begin ] --END-- [ RunTime:0.001000s ]
SQL: SHOW COLUMNS FROM `jk_config` [ RunTime:0.0160s ]
SQL: SELECT * FROM `jk_config` WHERE `id` = 1 LIMIT 1   [ RunTime:0.0000s ]
SQL: SELECT * FROM `jk_config` WHERE `id` = 2 LIMIT 1   [ RunTime:0.0010s ]
SQL: SHOW COLUMNS FROM `jk_user` [ RunTime:0.0080s ]
SQL: SELECT * FROM `jk_user` WHERE `UE_account` = '' LIMIT 1   [ RunTime:0.0010s ]

[ 2018-12-11T13:44:48+08:00 ] 127.0.0.1 /index.php/Home/login/logincl.html
INFO: [ app_init ] --START--
INFO: Run Behavior\BuildLiteBehavior [ RunTime:0.000000s ]
INFO: [ app_init ] --END-- [ RunTime:0.001000s ]
INFO: [ app_begin ] --START--
INFO: Run Behavior\ReadHtmlCacheBehavior [ RunTime:0.000000s ]
INFO: [ app_begin ] --END-- [ RunTime:0.001000s ]
SQL: SHOW COLUMNS FROM `jk_config` [ RunTime:0.0030s ]
SQL: SELECT * FROM `jk_config` WHERE `id` = 1 LIMIT 1   [ RunTime:0.0000s ]
SQL: SELECT * FROM `jk_config` WHERE `id` = 2 LIMIT 1   [ RunTime:0.0000s ]
SQL: SHOW COLUMNS FROM `jk_user` [ RunTime:0.0040s ]
SQL: SELECT * FROM `jk_user` WHERE `UE_account` = '' LIMIT 1   [ RunTime:0.0010s ]

[ 2018-12-11T13:45:13+08:00 ] 127.0.0.1 /index.php/Home/login/logincl.html
INFO: [ app_init ] --START--
INFO: Run Behavior\BuildLiteBehavior [ RunTime:0.000000s ]
INFO: [ app_init ] --END-- [ RunTime:0.000000s ]
INFO: [ app_begin ] --START--
INFO: Run Behavior\ReadHtmlCacheBehavior [ RunTime:0.001000s ]
INFO: [ app_begin ] --END-- [ RunTime:0.001000s ]
SQL: SHOW COLUMNS FROM `jk_config` [ RunTime:0.0140s ]
SQL: SELECT * FROM `jk_config` WHERE `id` = 1 LIMIT 1   [ RunTime:0.0010s ]
SQL: SELECT * FROM `jk_config` WHERE `id` = 2 LIMIT 1   [ RunTime:0.0010s ]
SQL: SHOW COLUMNS FROM `jk_user` [ RunTime:0.0190s ]
SQL: SELECT * FROM `jk_user` WHERE `UE_account` = '' LIMIT 1   [ RunTime:0.0020s ]

[ 2018-12-11T13:45:19+08:00 ] 127.0.0.1 /index.php/Home/login/logincl.html
INFO: [ app_init ] --START--
INFO: Run Behavior\BuildLiteBehavior [ RunTime:0.000000s ]
INFO: [ app_init ] --END-- [ RunTime:0.000000s ]
INFO: [ app_begin ] --START--
INFO: Run Behavior\ReadHtmlCacheBehavior [ RunTime:0.001000s ]
INFO: [ app_begin ] --END-- [ RunTime:0.001000s ]
SQL: SHOW COLUMNS FROM `jk_config` [ RunTime:0.0130s ]
SQL: SELECT * FROM `jk_config` WHERE `id` = 1 LIMIT 1   [ RunTime:0.0000s ]
SQL: SELECT * FROM `jk_config` WHERE `id` = 2 LIMIT 1   [ RunTime:0.0010s ]
SQL: SHOW COLUMNS FROM `jk_user` [ RunTime:0.0130s ]
SQL: SELECT * FROM `jk_user` WHERE `UE_account` = '' LIMIT 1   [ RunTime:0.0010s ]

[ 2018-12-11T13:45:44+08:00 ] 127.0.0.1 /index.php/Home/login/logincl.html
INFO: [ app_init ] --START--
INFO: Run Behavior\BuildLiteBehavior [ RunTime:0.000000s ]
INFO: [ app_init ] --END-- [ RunTime:0.001000s ]
INFO: [ app_begin ] --START--
INFO: Run Behavior\ReadHtmlCacheBehavior [ RunTime:0.000000s ]
INFO: [ app_begin ] --END-- [ RunTime:0.000000s ]
SQL: SHOW COLUMNS FROM `jk_config` [ RunTime:0.0100s ]
SQL: SELECT * FROM `jk_config` WHERE `id` = 1 LIMIT 1   [ RunTime:0.0010s ]
SQL: SELECT * FROM `jk_config` WHERE `id` = 2 LIMIT 1   [ RunTime:0.0010s ]
SQL: SHOW COLUMNS FROM `jk_user` [ RunTime:0.0130s ]
SQL: SELECT * FROM `jk_user` WHERE `UE_account` = '' LIMIT 1   [ RunTime:0.0010s ]

[ 2018-12-11T13:46:02+08:00 ] 127.0.0.1 /index.php/Home/login/logincl.html
INFO: [ app_init ] --START--
INFO: Run Behavior\BuildLiteBehavior [ RunTime:0.000000s ]
INFO: [ app_init ] --END-- [ RunTime:0.000000s ]
INFO: [ app_begin ] --START--
INFO: Run Behavior\ReadHtmlCacheBehavior [ RunTime:0.001000s ]
INFO: [ app_begin ] --END-- [ RunTime:0.001000s ]
SQL: SHOW COLUMNS FROM `jk_config` [ RunTime:0.0080s ]
SQL: SELECT * FROM `jk_config` WHERE `id` = 1 LIMIT 1   [ RunTime:0.0010s ]
SQL: SELECT * FROM `jk_config` WHERE `id` = 2 LIMIT 1   [ RunTime:0.0000s ]
SQL: SHOW COLUMNS FROM `jk_user` [ RunTime:0.0090s ]
SQL: SELECT * FROM `jk_user` WHERE `UE_account` = '15555555555' LIMIT 1   [ RunTime:0.0010s ]
NOTIC: [8] Use of undefined constant ue_id - assumed 'ue_id' C:\www\kj\User\Home\Controller\LoginController.class.php 第 880 行.
NOTIC: [8] Use of undefined constant ue_account - assumed 'ue_account' C:\www\kj\User\Home\Controller\LoginController.class.php 第 881 行.
NOTIC: [8] Use of undefined constant ue_account - assumed 'ue_account' C:\www\kj\User\Home\Controller\LoginController.class.php 第 885 行.
SQL: SHOW COLUMNS FROM `jk_drrz` [ RunTime:0.0050s ]
SQL: INSERT INTO `jk_drrz` (`date`,`ip`,`user`,`leixin`) VALUES ('2018-12-11 13:46:02','','15555555555','0') [ RunTime:0.0010s ]

[ 2018-12-11T13:46:04+08:00 ] 127.0.0.1 /index.php/Home/Index/Index/
INFO: [ app_init ] --START--
INFO: Run Behavior\BuildLiteBehavior [ RunTime:0.000000s ]
INFO: [ app_init ] --END-- [ RunTime:0.000000s ]
INFO: [ app_begin ] --START--
INFO: Run Behavior\ReadHtmlCacheBehavior [ RunTime:0.001000s ]
INFO: [ app_begin ] --END-- [ RunTime:0.001000s ]
SQL: SHOW COLUMNS FROM `jk_userget` [ RunTime:0.0050s ]
NOTIC: [8] Use of undefined constant wakuang - assumed 'wakuang' C:\www\kj\User\Home\Controller\IndexController.class.php 第 15 行.
SQL: SELECT * FROM `jk_userget` WHERE `UG_account` = '15555555555' AND `UG_dataType` = 'wakuang' ORDER BY UG_ID DESC  [ RunTime:0.0010s ]
SQL: SHOW COLUMNS FROM `jk_user` [ RunTime:0.0080s ]
SQL: SELECT * FROM `jk_user` WHERE `UE_account` = '15555555555' LIMIT 1   [ RunTime:0.0020s ]
INFO: [ view_parse ] --START--
INFO: [ template_filter ] --START--
INFO: Run Behavior\ContentReplaceBehavior [ RunTime:0.000000s ]
INFO: [ template_filter ] --END-- [ RunTime:0.000000s ]
INFO: Run Behavior\ParseTemplateBehavior [ RunTime:0.015000s ]
INFO: [ view_parse ] --END-- [ RunTime:0.015000s ]
INFO: [ view_filter ] --START--
INFO: Run Behavior\WriteHtmlCacheBehavior [ RunTime:0.001000s ]
INFO: Run Behavior\TokenBuildBehavior [ RunTime:0.000000s ]
INFO: [ view_filter ] --END-- [ RunTime:0.001000s ]
INFO: [ app_end ] --START--
INFO: Run Behavior\ShowPageTraceBehavior [ RunTime:0.001000s ]
INFO: [ app_end ] --END-- [ RunTime:0.001000s ]

[ 2018-12-11T13:46:05+08:00 ] 127.0.0.1 /index.php/Home/login/logincl.html
INFO: [ app_init ] --START--
INFO: Run Behavior\BuildLiteBehavior [ RunTime:0.000000s ]
INFO: [ app_init ] --END-- [ RunTime:0.000000s ]
INFO: [ app_begin ] --START--
INFO: Run Behavior\ReadHtmlCacheBehavior [ RunTime:0.001000s ]
INFO: [ app_begin ] --END-- [ RunTime:0.001000s ]
SQL: SHOW COLUMNS FROM `jk_config` [ RunTime:0.0030s ]
SQL: SELECT * FROM `jk_config` WHERE `id` = 1 LIMIT 1   [ RunTime:0.0000s ]
SQL: SELECT * FROM `jk_config` WHERE `id` = 2 LIMIT 1   [ RunTime:0.0000s ]
SQL: SHOW COLUMNS FROM `jk_user` [ RunTime:0.0050s ]
SQL: SELECT * FROM `jk_user` WHERE `UE_account` = '15555555555' LIMIT 1   [ RunTime:0.0010s ]
NOTIC: [8] Use of undefined constant ue_id - assumed 'ue_id' C:\www\kj\User\Home\Controller\LoginController.class.php 第 880 行.
NOTIC: [8] Use of undefined constant ue_account - assumed 'ue_account' C:\www\kj\User\Home\Controller\LoginController.class.php 第 881 行.
NOTIC: [8] Use of undefined constant ue_account - assumed 'ue_account' C:\www\kj\User\Home\Controller\LoginController.class.php 第 885 行.
SQL: SHOW COLUMNS FROM `jk_drrz` [ RunTime:0.0040s ]
SQL: INSERT INTO `jk_drrz` (`date`,`ip`,`user`,`leixin`) VALUES ('2018-12-11 13:46:05','','15555555555','0') [ RunTime:0.0000s ]

[ 2018-12-11T13:46:14+08:00 ] 127.0.0.1 /index.php/Home/Info/mykuangche/
INFO: [ app_init ] --START--
INFO: Run Behavior\BuildLiteBehavior [ RunTime:0.000000s ]
INFO: [ app_init ] --END-- [ RunTime:0.000000s ]
INFO: [ app_begin ] --START--
INFO: Run Behavior\ReadHtmlCacheBehavior [ RunTime:0.001000s ]
INFO: [ app_begin ] --END-- [ RunTime:0.001000s ]
SQL: SHOW COLUMNS FROM `jk_system` [ RunTime:0.0090s ]
SQL: SELECT * FROM `jk_system` WHERE `SYS_ID` = 1 LIMIT 1   [ RunTime:0.0010s ]
SQL: SHOW COLUMNS FROM `jk_user` [ RunTime:0.0070s ]
SQL: SELECT * FROM `jk_user` WHERE `UE_ID` = 7 LIMIT 1   [ RunTime:0.0020s ]
SQL: SHOW COLUMNS FROM `jk_ppdd` [ RunTime:0.0060s ]
SQL: SELECT * FROM `jk_ppdd` WHERE `g_user` = '15555555555' AND `zt` = 1 LIMIT 1   [ RunTime:0.0010s ]
SQL: SELECT * FROM `jk_ppdd` WHERE `g_user` = '15555555555' AND `zt` = 1 LIMIT 1   [ RunTime:0.0000s ]
SQL: SELECT * FROM `jk_user` WHERE `UE_account` = '15555555555' LIMIT 1   [ RunTime:0.0010s ]
SQL: UPDATE `jk_ppdd` SET `zt`='0',`jydate`='',`g_name`='',`g_user`='',`g_level`='',`g_id`='' WHERE `g_user` = '15555555555' AND `zt` = 1 [ RunTime:0.0000s ]
NOTIC: [8] Use of undefined constant date - assumed 'date' C:\www\kj\User\Home\Controller\CommonController.class.php 第 88 行.
SQL: SHOW COLUMNS FROM `jk_date` [ RunTime:0.0060s ]
SQL: SELECT * FROM `jk_date` WHERE `date` = 1544457630 LIMIT 1   [ RunTime:0.0010s ]
NOTIC: [8] Use of undefined constant date - assumed 'date' C:\www\kj\User\Home\Controller\CommonController.class.php 第 93 行.
SQL: SELECT * FROM `jk_date` ORDER BY id desc LIMIT 1   [ RunTime:0.0000s ]
SQL: INSERT INTO `jk_date` (`date`,`price`) VALUES ('1544457630',NULL) [ RunTime:0.0000s ]
SQL: INSERT INTO `jk_date` (`date`,`price`) VALUES ('1544457660',NULL) [ RunTime:0.0010s ]
SQL: SHOW COLUMNS FROM `jk_shop_orderform` [ RunTime:0.0030s ]
SQL: SELECT * FROM `jk_shop_orderform` WHERE `user` = '15555555555' ORDER BY zt asc,id desc  [ RunTime:0.0010s ]
INFO: [ view_parse ] --START--
INFO: [ template_filter ] --START--
INFO: Run Behavior\ContentReplaceBehavior [ RunTime:0.000000s ]
INFO: [ template_filter ] --END-- [ RunTime:0.000000s ]
INFO: Run Behavior\ParseTemplateBehavior [ RunTime:0.006000s ]
INFO: [ view_parse ] --END-- [ RunTime:0.006000s ]
INFO: [ view_filter ] --START--
INFO: Run Behavior\WriteHtmlCacheBehavior [ RunTime:0.000000s ]
INFO: Run Behavior\TokenBuildBehavior [ RunTime:0.001000s ]
INFO: [ view_filter ] --END-- [ RunTime:0.001000s ]
INFO: [ app_end ] --START--
INFO: Run Behavior\ShowPageTraceBehavior [ RunTime:0.000000s ]
INFO: [ app_end ] --END-- [ RunTime:0.000000s ]

[ 2018-12-11T13:46:19+08:00 ] 127.0.0.1 /index.php/Home/Info/wakuang/?id=23
INFO: [ app_init ] --START--
INFO: Run Behavior\BuildLiteBehavior [ RunTime:0.000000s ]
INFO: [ app_init ] --END-- [ RunTime:0.000000s ]
INFO: [ app_begin ] --START--
INFO: Run Behavior\ReadHtmlCacheBehavior [ RunTime:0.000000s ]
INFO: [ app_begin ] --END-- [ RunTime:0.000000s ]
SQL: SHOW COLUMNS FROM `jk_system` [ RunTime:0.0080s ]
SQL: SELECT * FROM `jk_system` WHERE `SYS_ID` = 1 LIMIT 1   [ RunTime:0.0010s ]
SQL: SHOW COLUMNS FROM `jk_user` [ RunTime:0.0090s ]
SQL: SELECT * FROM `jk_user` WHERE `UE_ID` = 7 LIMIT 1   [ RunTime:0.0020s ]
SQL: SHOW COLUMNS FROM `jk_ppdd` [ RunTime:0.0060s ]
SQL: SELECT * FROM `jk_ppdd` WHERE `g_user` = '15555555555' AND `zt` = 1 LIMIT 1   [ RunTime:0.0000s ]
SQL: SELECT * FROM `jk_ppdd` WHERE `g_user` = '15555555555' AND `zt` = 1 LIMIT 1   [ RunTime:0.0010s ]
SQL: SELECT * FROM `jk_user` WHERE `UE_account` = '15555555555' LIMIT 1   [ RunTime:0.0010s ]
SQL: UPDATE `jk_ppdd` SET `zt`='0',`jydate`='',`g_name`='',`g_user`='',`g_level`='',`g_id`='' WHERE `g_user` = '15555555555' AND `zt` = 1 [ RunTime:0.0000s ]
NOTIC: [8] Use of undefined constant date - assumed 'date' C:\www\kj\User\Home\Controller\CommonController.class.php 第 88 行.
SQL: SHOW COLUMNS FROM `jk_date` [ RunTime:0.0040s ]
SQL: SELECT * FROM `jk_date` WHERE `date` = 1544457630 LIMIT 1   [ RunTime:0.0000s ]
SQL: SHOW COLUMNS FROM `jk_shop_orderform` [ RunTime:0.0040s ]
SQL: SELECT * FROM `jk_shop_orderform` WHERE `id` = 23 LIMIT 1   [ RunTime:0.0010s ]
SQL: SELECT * FROM `jk_user` WHERE `UE_account` = '15555555555' LIMIT 1   [ RunTime:0.0010s ]
SQL: SHOW COLUMNS FROM `jk_userget` [ RunTime:0.0040s ]
SQL: SELECT * FROM `jk_userget` WHERE `kcid` = '23' LIMIT 1   [ RunTime:0.0000s ]
SQL: SHOW COLUMNS FROM `jk_shop_project` [ RunTime:0.0050s ]
SQL: SELECT SUM(kjsl) AS tp_sum FROM `jk_shop_project` LIMIT 1   [ RunTime:0.0000s ]
NOTIC: [8] Use of undefined constant mmsy - assumed 'mmsy' C:\www\kj\User\Home\Controller\InfoController.class.php 第 276 行.
SQL: SELECT SUM(kjsl) AS tp_sum FROM `jk_shop_orderform` WHERE `zt` = 1 LIMIT 1   [ RunTime:0.0010s ]
SQL: SHOW COLUMNS FROM `jk_slkz` [ RunTime:0.0030s ]
SQL: SELECT * FROM `jk_slkz` ORDER BY id desc LIMIT 1   [ RunTime:0.0010s ]
INFO: [ view_parse ] --START--
INFO: [ template_filter ] --START--
INFO: Run Behavior\ContentReplaceBehavior [ RunTime:0.000000s ]
INFO: [ template_filter ] --END-- [ RunTime:0.000000s ]
INFO: Run Behavior\ParseTemplateBehavior [ RunTime:0.005000s ]
INFO: [ view_parse ] --END-- [ RunTime:0.005000s ]
INFO: [ view_filter ] --START--
INFO: Run Behavior\WriteHtmlCacheBehavior [ RunTime:0.001000s ]
INFO: Run Behavior\TokenBuildBehavior [ RunTime:0.000000s ]
INFO: [ view_filter ] --END-- [ RunTime:0.001000s ]
INFO: [ app_end ] --START--
INFO: Run Behavior\ShowPageTraceBehavior [ RunTime:0.000000s ]
INFO: [ app_end ] --END-- [ RunTime:0.000000s ]

[ 2018-12-11T13:46:20+08:00 ] 127.0.0.1 /index.php/Home/Info/wakuang/?id=23
INFO: [ app_init ] --START--
INFO: Run Behavior\BuildLiteBehavior [ RunTime:0.000000s ]
INFO: [ app_init ] --END-- [ RunTime:0.000000s ]
INFO: [ app_begin ] --START--
INFO: Run Behavior\ReadHtmlCacheBehavior [ RunTime:0.000000s ]
INFO: [ app_begin ] --END-- [ RunTime:0.000000s ]
SQL: SHOW COLUMNS FROM `jk_system` [ RunTime:0.0080s ]
SQL: SELECT * FROM `jk_system` WHERE `SYS_ID` = 1 LIMIT 1   [ RunTime:0.0010s ]
SQL: SHOW COLUMNS FROM `jk_user` [ RunTime:0.0050s ]
SQL: SELECT * FROM `jk_user` WHERE `UE_ID` = 7 LIMIT 1   [ RunTime:0.0010s ]
SQL: SHOW COLUMNS FROM `jk_ppdd` [ RunTime:0.0040s ]
SQL: SELECT * FROM `jk_ppdd` WHERE `g_user` = '15555555555' AND `zt` = 1 LIMIT 1   [ RunTime:0.0000s ]
SQL: SELECT * FROM `jk_ppdd` WHERE `g_user` = '15555555555' AND `zt` = 1 LIMIT 1   [ RunTime:0.0010s ]
SQL: SELECT * FROM `jk_user` WHERE `UE_account` = '15555555555' LIMIT 1   [ RunTime:0.0010s ]
SQL: UPDATE `jk_ppdd` SET `zt`='0',`jydate`='',`g_name`='',`g_user`='',`g_level`='',`g_id`='' WHERE `g_user` = '15555555555' AND `zt` = 1 [ RunTime:0.0000s ]
NOTIC: [8] Use of undefined constant date - assumed 'date' C:\www\kj\User\Home\Controller\CommonController.class.php 第 88 行.
SQL: SHOW COLUMNS FROM `jk_date` [ RunTime:0.0040s ]
SQL: SELECT * FROM `jk_date` WHERE `date` = 1544457630 LIMIT 1   [ RunTime:0.0010s ]
SQL: SHOW COLUMNS FROM `jk_shop_orderform` [ RunTime:0.0030s ]
SQL: SELECT * FROM `jk_shop_orderform` WHERE `id` = 23 LIMIT 1   [ RunTime:0.0000s ]
SQL: SELECT * FROM `jk_user` WHERE `UE_account` = '15555555555' LIMIT 1   [ RunTime:0.0010s ]
SQL: SHOW COLUMNS FROM `jk_userget` [ RunTime:0.0040s ]
SQL: SELECT * FROM `jk_userget` WHERE `kcid` = '23' LIMIT 1   [ RunTime:0.0000s ]
SQL: SHOW COLUMNS FROM `jk_shop_project` [ RunTime:0.0050s ]
SQL: SELECT SUM(kjsl) AS tp_sum FROM `jk_shop_project` LIMIT 1   [ RunTime:0.0000s ]
NOTIC: [8] Use of undefined constant mmsy - assumed 'mmsy' C:\www\kj\User\Home\Controller\InfoController.class.php 第 276 行.
SQL: SELECT SUM(kjsl) AS tp_sum FROM `jk_shop_orderform` WHERE `zt` = 1 LIMIT 1   [ RunTime:0.0000s ]
SQL: SHOW COLUMNS FROM `jk_slkz` [ RunTime:0.0040s ]
SQL: SELECT * FROM `jk_slkz` ORDER BY id desc LIMIT 1   [ RunTime:0.0010s ]
INFO: [ view_parse ] --START--
INFO: [ template_filter ] --START--
INFO: Run Behavior\ContentReplaceBehavior [ RunTime:0.000000s ]
INFO: [ template_filter ] --END-- [ RunTime:0.000000s ]
INFO: Run Behavior\ParseTemplateBehavior [ RunTime:0.004000s ]
INFO: [ view_parse ] --END-- [ RunTime:0.004000s ]
INFO: [ view_filter ] --START--
INFO: Run Behavior\WriteHtmlCacheBehavior [ RunTime:0.000000s ]
INFO: Run Behavior\TokenBuildBehavior [ RunTime:0.001000s ]
INFO: [ view_filter ] --END-- [ RunTime:0.001000s ]
INFO: [ app_end ] --START--
INFO: Run Behavior\ShowPageTraceBehavior [ RunTime:0.000000s ]
INFO: [ app_end ] --END-- [ RunTime:0.000000s ]

[ 2018-12-11T13:46:31+08:00 ] 127.0.0.1 /index.php/Home/Index/Index/
INFO: [ app_init ] --START--
INFO: Run Behavior\BuildLiteBehavior [ RunTime:0.000000s ]
INFO: [ app_init ] --END-- [ RunTime:0.000000s ]
INFO: [ app_begin ] --START--
INFO: Run Behavior\ReadHtmlCacheBehavior [ RunTime:0.000000s ]
INFO: [ app_begin ] --END-- [ RunTime:0.001000s ]
SQL: SHOW COLUMNS FROM `jk_userget` [ RunTime:0.0110s ]
NOTIC: [8] Use of undefined constant wakuang - assumed 'wakuang' C:\www\kj\User\Home\Controller\IndexController.class.php 第 15 行.
SQL: SELECT * FROM `jk_userget` WHERE `UG_account` = '15555555555' AND `UG_dataType` = 'wakuang' ORDER BY UG_ID DESC  [ RunTime:0.0010s ]
SQL: SHOW COLUMNS FROM `jk_user` [ RunTime:0.0100s ]
SQL: SELECT * FROM `jk_user` WHERE `UE_account` = '15555555555' LIMIT 1   [ RunTime:0.0010s ]
INFO: [ view_parse ] --START--
INFO: [ template_filter ] --START--
INFO: Run Behavior\ContentReplaceBehavior [ RunTime:0.000000s ]
INFO: [ template_filter ] --END-- [ RunTime:0.000000s ]
INFO: Run Behavior\ParseTemplateBehavior [ RunTime:0.017000s ]
INFO: [ view_parse ] --END-- [ RunTime:0.017000s ]
INFO: [ view_filter ] --START--
INFO: Run Behavior\WriteHtmlCacheBehavior [ RunTime:0.000000s ]
INFO: Run Behavior\TokenBuildBehavior [ RunTime:0.001000s ]
INFO: [ view_filter ] --END-- [ RunTime:0.001000s ]
INFO: [ app_end ] --START--
INFO: Run Behavior\ShowPageTraceBehavior [ RunTime:0.001000s ]
INFO: [ app_end ] --END-- [ RunTime:0.001000s ]

[ 2018-12-11T13:46:38+08:00 ] 127.0.0.1 /index.php/Home/Info/Index/
INFO: [ app_init ] --START--
INFO: Run Behavior\BuildLiteBehavior [ RunTime:0.000000s ]
INFO: [ app_init ] --END-- [ RunTime:0.001000s ]
INFO: [ app_begin ] --START--
INFO: Run Behavior\ReadHtmlCacheBehavior [ RunTime:0.000000s ]
INFO: [ app_begin ] --END-- [ RunTime:0.000000s ]
SQL: SHOW COLUMNS FROM `jk_system` [ RunTime:0.0090s ]
SQL: SELECT * FROM `jk_system` WHERE `SYS_ID` = 1 LIMIT 1   [ RunTime:0.0010s ]
SQL: SHOW COLUMNS FROM `jk_user` [ RunTime:0.0110s ]
SQL: SELECT * FROM `jk_user` WHERE `UE_ID` = 7 LIMIT 1   [ RunTime:0.0030s ]
SQL: SHOW COLUMNS FROM `jk_ppdd` [ RunTime:0.0040s ]
SQL: SELECT * FROM `jk_ppdd` WHERE `g_user` = '15555555555' AND `zt` = 1 LIMIT 1   [ RunTime:0.0000s ]
SQL: SELECT * FROM `jk_ppdd` WHERE `g_user` = '15555555555' AND `zt` = 1 LIMIT 1   [ RunTime:0.0000s ]
SQL: SELECT * FROM `jk_user` WHERE `UE_account` = '15555555555' LIMIT 1   [ RunTime:0.0010s ]
SQL: UPDATE `jk_ppdd` SET `zt`='0',`jydate`='',`g_name`='',`g_user`='',`g_level`='',`g_id`='' WHERE `g_user` = '15555555555' AND `zt` = 1 [ RunTime:0.0000s ]
NOTIC: [8] Use of undefined constant date - assumed 'date' C:\www\kj\User\Home\Controller\CommonController.class.php 第 88 行.
SQL: SHOW COLUMNS FROM `jk_date` [ RunTime:0.0030s ]
SQL: SELECT * FROM `jk_date` WHERE `date` = 1544457630 LIMIT 1   [ RunTime:0.0010s ]
SQL: SELECT * FROM `jk_user` WHERE `UE_account` = '15555555555' LIMIT 1   [ RunTime:0.0010s ]
SQL: SELECT * FROM `jk_ppdd` WHERE ( `zt` = '0' OR `zt` = '1' ) AND `datatype` = 'qglkb' ORDER BY zt asc, danjia desc  [ RunTime:0.0010s ]
SQL: SELECT * FROM `jk_ppdd` WHERE `datatype` = 'cslkb' AND ( `zt` = '0' OR `zt` = '1' ) ORDER BY zt asc, danjia desc  [ RunTime:0.0000s ]
SQL: SELECT * FROM `jk_date` ORDER BY id desc LIMIT 1   [ RunTime:0.0000s ]
SQL: SELECT SUM(lkb) AS tp_sum FROM `jk_ppdd` WHERE ( `jydate` > '2018-12-11 00:00:00' AND `jydate` < '2018-12-11 23:59:59'  ) LIMIT 1   [ RunTime:0.0010s ]
SQL: SHOW COLUMNS FROM `jk_jyl` [ RunTime:0.0040s ]
SQL: SELECT * FROM `jk_jyl` ORDER BY id desc LIMIT 1   [ RunTime:0.0000s ]
SQL: SELECT * FROM `jk_date` WHERE ( `date` > 1544371200 AND `date` < 1544457599  ) ORDER BY id desc LIMIT 1   [ RunTime:0.0000s ]
SQL: SELECT * FROM `jk_date` WHERE ( `date` >= 1544457600 AND `date` < 1544543999  ) ORDER BY id asc LIMIT 1   [ RunTime:0.0000s ]
SQL: SELECT MAX(price) AS tp_max FROM `jk_date` WHERE ( `date` >= 1544457600 AND `date` < 1544543999  ) LIMIT 1   [ RunTime:0.0000s ]
SQL: SELECT MIN(price) AS tp_min FROM `jk_date` WHERE ( `date` >= 1544457600 AND `date` < 1544543999  ) LIMIT 1   [ RunTime:0.0010s ]
NOTIC: [8] Use of undefined constant ridate - assumed 'ridate' C:\www\kj\User\Home\Controller\InfoController.class.php 第 84 行.
SQL: SHOW COLUMNS FROM `jk_ridate` [ RunTime:0.0030s ]
SQL: SELECT * FROM `jk_ridate` WHERE `date` = 1544457600 LIMIT 1   [ RunTime:0.0000s ]
SQL: INSERT INTO `jk_ridate` (`jinkai`,`zuoshou`,`jrzg`,`jrzd`,`date`) VALUES (NULL,NULL,NULL,NULL,'1544457600') [ RunTime:0.0010s ]
SQL: SELECT * FROM `jk_user` WHERE `UE_account` = '15555555555' LIMIT 1   [ RunTime:0.0010s ]
SQL: SHOW COLUMNS FROM `jk_config` [ RunTime:0.0030s ]
SQL: SELECT * FROM `jk_config` WHERE `id` = 1 LIMIT 1   [ RunTime:0.0010s ]
SQL: SELECT * FROM `jk_config` WHERE `id` = 2 LIMIT 1   [ RunTime:0.0000s ]
SQL: SELECT * FROM `jk_config` WHERE `id` = 5 LIMIT 1   [ RunTime:0.0000s ]
INFO: [ view_parse ] --START--
INFO: [ template_filter ] --START--
INFO: Run Behavior\ContentReplaceBehavior [ RunTime:0.000000s ]
INFO: [ template_filter ] --END-- [ RunTime:0.000000s ]
NOTIC: [8] Undefined index: secpwd C:\www\kj\User\Runtime\Cache\Home\c2994bc2cb9f025897d4a7cda77ac2b7.php 第 703 行.
INFO: Run Behavior\ParseTemplateBehavior [ RunTime:0.014000s ]
INFO: [ view_parse ] --END-- [ RunTime:0.014000s ]
INFO: [ view_filter ] --START--
INFO: Run Behavior\WriteHtmlCacheBehavior [ RunTime:0.000000s ]
INFO: Run Behavior\TokenBuildBehavior [ RunTime:0.000000s ]
INFO: [ view_filter ] --END-- [ RunTime:0.000000s ]
INFO: [ app_end ] --START--
INFO: Run Behavior\ShowPageTraceBehavior [ RunTime:0.001000s ]
INFO: [ app_end ] --END-- [ RunTime:0.001000s ]

[ 2018-12-11T13:46:40+08:00 ] 127.0.0.1 /index.php/Home/Ajax/getgp.html
INFO: [ app_init ] --START--
INFO: Run Behavior\BuildLiteBehavior [ RunTime:0.000000s ]
INFO: [ app_init ] --END-- [ RunTime:0.000000s ]
INFO: [ app_begin ] --START--
INFO: Run Behavior\ReadHtmlCacheBehavior [ RunTime:0.001000s ]
INFO: [ app_begin ] --END-- [ RunTime:0.001000s ]
NOTIC: [2] session_start(): Cannot send session cache limiter - headers already sent C:\www\kj\ThinkPHP\Common\functions.php 第 1263 行.
NOTIC: [2] Cannot modify header information - headers already sent C:\www\kj\User\Home\Controller\Basis1Controller.class.php 第 6 行.
SQL: SHOW COLUMNS FROM `jk_date` [ RunTime:0.0070s ]
SQL: SELECT `date`,`price` FROM `jk_date` WHERE ( `date` > 1544457600 AND `date` < 1544543999  )  [ RunTime:0.0010s ]
INFO: [ app_end ] --START--
INFO: Run Behavior\ShowPageTraceBehavior [ RunTime:0.001000s ]
INFO: [ app_end ] --END-- [ RunTime:0.001000s ]

[ 2018-12-11T13:46:43+08:00 ] 127.0.0.1 /index.php/Home/Info/Index/
INFO: [ app_init ] --START--
INFO: Run Behavior\BuildLiteBehavior [ RunTime:0.000000s ]
INFO: [ app_init ] --END-- [ RunTime:0.000000s ]
INFO: [ app_begin ] --START--
INFO: Run Behavior\ReadHtmlCacheBehavior [ RunTime:0.002000s ]
INFO: [ app_begin ] --END-- [ RunTime:0.002000s ]
SQL: SHOW COLUMNS FROM `jk_system` [ RunTime:0.0060s ]
SQL: SELECT * FROM `jk_system` WHERE `SYS_ID` = 1 LIMIT 1   [ RunTime:0.0000s ]
SQL: SHOW COLUMNS FROM `jk_user` [ RunTime:0.0090s ]
SQL: SELECT * FROM `jk_user` WHERE `UE_ID` = 7 LIMIT 1   [ RunTime:0.0030s ]
SQL: SHOW COLUMNS FROM `jk_ppdd` [ RunTime:0.0080s ]
SQL: SELECT * FROM `jk_ppdd` WHERE `g_user` = '15555555555' AND `zt` = 1 LIMIT 1   [ RunTime:0.0000s ]
SQL: SELECT * FROM `jk_ppdd` WHERE `g_user` = '15555555555' AND `zt` = 1 LIMIT 1   [ RunTime:0.0010s ]
SQL: SELECT * FROM `jk_user` WHERE `UE_account` = '15555555555' LIMIT 1   [ RunTime:0.0010s ]
SQL: UPDATE `jk_ppdd` SET `zt`='0',`jydate`='',`g_name`='',`g_user`='',`g_level`='',`g_id`='' WHERE `g_user` = '15555555555' AND `zt` = 1 [ RunTime:0.0000s ]
NOTIC: [8] Use of undefined constant date - assumed 'date' C:\www\kj\User\Home\Controller\CommonController.class.php 第 88 行.
SQL: SHOW COLUMNS FROM `jk_date` [ RunTime:0.0050s ]
SQL: SELECT * FROM `jk_date` WHERE `date` = 1544457630 LIMIT 1   [ RunTime:0.0010s ]
SQL: SELECT * FROM `jk_user` WHERE `UE_account` = '15555555555' LIMIT 1   [ RunTime:0.0020s ]
SQL: SELECT * FROM `jk_ppdd` WHERE ( `zt` = '0' OR `zt` = '1' ) AND `datatype` = 'qglkb' ORDER BY zt asc, danjia desc  [ RunTime:0.0000s ]
SQL: SELECT * FROM `jk_ppdd` WHERE `datatype` = 'cslkb' AND ( `zt` = '0' OR `zt` = '1' ) ORDER BY zt asc, danjia desc  [ RunTime:0.0010s ]
SQL: SELECT * FROM `jk_date` ORDER BY id desc LIMIT 1   [ RunTime:0.0000s ]
SQL: SELECT SUM(lkb) AS tp_sum FROM `jk_ppdd` WHERE ( `jydate` > '2018-12-11 00:00:00' AND `jydate` < '2018-12-11 23:59:59'  ) LIMIT 1   [ RunTime:0.0000s ]
SQL: SHOW COLUMNS FROM `jk_jyl` [ RunTime:0.0030s ]
SQL: SELECT * FROM `jk_jyl` ORDER BY id desc LIMIT 1   [ RunTime:0.0000s ]
SQL: SELECT * FROM `jk_date` WHERE ( `date` > 1544371200 AND `date` < 1544457599  ) ORDER BY id desc LIMIT 1   [ RunTime:0.0000s ]
SQL: SELECT * FROM `jk_date` WHERE ( `date` >= 1544457600 AND `date` < 1544543999  ) ORDER BY id asc LIMIT 1   [ RunTime:0.0010s ]
SQL: SELECT MAX(price) AS tp_max FROM `jk_date` WHERE ( `date` >= 1544457600 AND `date` < 1544543999  ) LIMIT 1   [ RunTime:0.0000s ]
SQL: SELECT MIN(price) AS tp_min FROM `jk_date` WHERE ( `date` >= 1544457600 AND `date` < 1544543999  ) LIMIT 1   [ RunTime:0.0000s ]
NOTIC: [8] Use of undefined constant ridate - assumed 'ridate' C:\www\kj\User\Home\Controller\InfoController.class.php 第 84 行.
SQL: SHOW COLUMNS FROM `jk_ridate` [ RunTime:0.0040s ]
SQL: SELECT * FROM `jk_ridate` WHERE `date` = 1544457600 LIMIT 1   [ RunTime:0.0000s ]
SQL: SELECT * FROM `jk_user` WHERE `UE_account` = '15555555555' LIMIT 1   [ RunTime:0.0010s ]
SQL: SHOW COLUMNS FROM `jk_config` [ RunTime:0.0040s ]
SQL: SELECT * FROM `jk_config` WHERE `id` = 1 LIMIT 1   [ RunTime:0.0000s ]
SQL: SELECT * FROM `jk_config` WHERE `id` = 2 LIMIT 1   [ RunTime:0.0010s ]
SQL: SELECT * FROM `jk_config` WHERE `id` = 5 LIMIT 1   [ RunTime:0.0000s ]
INFO: [ view_parse ] --START--
INFO: [ template_filter ] --START--
INFO: Run Behavior\ContentReplaceBehavior [ RunTime:0.000000s ]
INFO: [ template_filter ] --END-- [ RunTime:0.000000s ]
NOTIC: [8] Undefined index: secpwd C:\www\kj\User\Runtime\Cache\Home\c2994bc2cb9f025897d4a7cda77ac2b7.php 第 703 行.
INFO: Run Behavior\ParseTemplateBehavior [ RunTime:0.010000s ]
INFO: [ view_parse ] --END-- [ RunTime:0.010000s ]
INFO: [ view_filter ] --START--
INFO: Run Behavior\WriteHtmlCacheBehavior [ RunTime:0.000000s ]
INFO: Run Behavior\TokenBuildBehavior [ RunTime:0.000000s ]
INFO: [ view_filter ] --END-- [ RunTime:0.000000s ]
INFO: [ app_end ] --START--
INFO: Run Behavior\ShowPageTraceBehavior [ RunTime:0.001000s ]
INFO: [ app_end ] --END-- [ RunTime:0.001000s ]

[ 2018-12-11T13:46:44+08:00 ] 127.0.0.1 /index.php/Home/Ajax/getgp.html
INFO: [ app_init ] --START--
INFO: Run Behavior\BuildLiteBehavior [ RunTime:0.000000s ]
INFO: [ app_init ] --END-- [ RunTime:0.000000s ]
INFO: [ app_begin ] --START--
INFO: Run Behavior\ReadHtmlCacheBehavior [ RunTime:0.001000s ]
INFO: [ app_begin ] --END-- [ RunTime:0.001000s ]
NOTIC: [2] session_start(): Cannot send session cache limiter - headers already sent C:\www\kj\ThinkPHP\Common\functions.php 第 1263 行.
NOTIC: [2] Cannot modify header information - headers already sent C:\www\kj\User\Home\Controller\Basis1Controller.class.php 第 6 行.
SQL: SHOW COLUMNS FROM `jk_date` [ RunTime:0.0050s ]
SQL: SELECT `date`,`price` FROM `jk_date` WHERE ( `date` > 1544457600 AND `date` < 1544543999  )  [ RunTime:0.0010s ]
INFO: [ app_end ] --START--
INFO: Run Behavior\ShowPageTraceBehavior [ RunTime:0.001000s ]
INFO: [ app_end ] --END-- [ RunTime:0.001000s ]

[ 2018-12-11T13:49:14+08:00 ] 127.0.0.1 /index.php/Home/Index/Index/
INFO: [ app_init ] --START--
INFO: Run Behavior\BuildLiteBehavior [ RunTime:0.000000s ]
INFO: [ app_init ] --END-- [ RunTime:0.000000s ]
INFO: [ app_begin ] --START--
INFO: Run Behavior\ReadHtmlCacheBehavior [ RunTime:0.001000s ]
INFO: [ app_begin ] --END-- [ RunTime:0.001000s ]
SQL: SHOW COLUMNS FROM `jk_userget` [ RunTime:0.0080s ]
NOTIC: [8] Use of undefined constant wakuang - assumed 'wakuang' C:\www\kj\User\Home\Controller\IndexController.class.php 第 15 行.
SQL: SELECT * FROM `jk_userget` WHERE `UG_account` = '15555555555' AND `UG_dataType` = 'wakuang' ORDER BY UG_ID DESC  [ RunTime:0.0010s ]
SQL: SHOW COLUMNS FROM `jk_user` [ RunTime:0.0100s ]
SQL: SELECT * FROM `jk_user` WHERE `UE_account` = '15555555555' LIMIT 1   [ RunTime:0.0010s ]
INFO: [ view_parse ] --START--
INFO: [ template_filter ] --START--
INFO: Run Behavior\ContentReplaceBehavior [ RunTime:0.000000s ]
INFO: [ template_filter ] --END-- [ RunTime:0.001000s ]
INFO: Run Behavior\ParseTemplateBehavior [ RunTime:0.007000s ]
INFO: [ view_parse ] --END-- [ RunTime:0.007000s ]
INFO: [ view_filter ] --START--
INFO: Run Behavior\WriteHtmlCacheBehavior [ RunTime:0.000000s ]
INFO: Run Behavior\TokenBuildBehavior [ RunTime:0.001000s ]
INFO: [ view_filter ] --END-- [ RunTime:0.001000s ]
INFO: [ app_end ] --START--
INFO: Run Behavior\ShowPageTraceBehavior [ RunTime:0.001000s ]
INFO: [ app_end ] --END-- [ RunTime:0.001000s ]

[ 2018-12-11T13:49:30+08:00 ] 127.0.0.1 /index.php/Home/Index/Index/
INFO: [ app_init ] --START--
INFO: Run Behavior\BuildLiteBehavior [ RunTime:0.000000s ]
INFO: [ app_init ] --END-- [ RunTime:0.000000s ]
INFO: [ app_begin ] --START--
INFO: Run Behavior\ReadHtmlCacheBehavior [ RunTime:0.000000s ]
INFO: [ app_begin ] --END-- [ RunTime:0.000000s ]
SQL: SHOW COLUMNS FROM `jk_userget` [ RunTime:0.0030s ]
NOTIC: [8] Use of undefined constant wakuang - assumed 'wakuang' C:\www\kj\User\Home\Controller\IndexController.class.php 第 15 行.
SQL: SELECT * FROM `jk_userget` WHERE `UG_account` = '15555555555' AND `UG_dataType` = 'wakuang' ORDER BY UG_ID DESC  [ RunTime:0.0020s ]
SQL: SHOW COLUMNS FROM `jk_user` [ RunTime:0.0050s ]
SQL: SELECT * FROM `jk_user` WHERE `UE_account` = '15555555555' LIMIT 1   [ RunTime:0.0010s ]
INFO: [ view_parse ] --START--
INFO: [ template_filter ] --START--
INFO: Run Behavior\ContentReplaceBehavior [ RunTime:0.000000s ]
INFO: [ template_filter ] --END-- [ RunTime:0.000000s ]
INFO: Run Behavior\ParseTemplateBehavior [ RunTime:0.006000s ]
INFO: [ view_parse ] --END-- [ RunTime:0.006000s ]
INFO: [ view_filter ] --START--
INFO: Run Behavior\WriteHtmlCacheBehavior [ RunTime:0.001000s ]
INFO: Run Behavior\TokenBuildBehavior [ RunTime:0.000000s ]
INFO: [ view_filter ] --END-- [ RunTime:0.001000s ]
INFO: [ app_end ] --START--
INFO: Run Behavior\ShowPageTraceBehavior [ RunTime:0.000000s ]
INFO: [ app_end ] --END-- [ RunTime:0.001000s ]

[ 2018-12-11T13:49:45+08:00 ] 127.0.0.1 /index.php/Home/Info/mykuangche/
INFO: [ app_init ] --START--
INFO: Run Behavior\BuildLiteBehavior [ RunTime:0.000000s ]
INFO: [ app_init ] --END-- [ RunTime:0.000000s ]
INFO: [ app_begin ] --START--
INFO: Run Behavior\ReadHtmlCacheBehavior [ RunTime:0.001000s ]
INFO: [ app_begin ] --END-- [ RunTime:0.001000s ]
SQL: SHOW COLUMNS FROM `jk_system` [ RunTime:0.0070s ]
SQL: SELECT * FROM `jk_system` WHERE `SYS_ID` = 1 LIMIT 1   [ RunTime:0.0010s ]
SQL: SHOW COLUMNS FROM `jk_user` [ RunTime:0.0080s ]
SQL: SELECT * FROM `jk_user` WHERE `UE_ID` = 7 LIMIT 1   [ RunTime:0.0010s ]
SQL: SHOW COLUMNS FROM `jk_ppdd` [ RunTime:0.0050s ]
SQL: SELECT * FROM `jk_ppdd` WHERE `g_user` = '15555555555' AND `zt` = 1 LIMIT 1   [ RunTime:0.0010s ]
SQL: SELECT * FROM `jk_ppdd` WHERE `g_user` = '15555555555' AND `zt` = 1 LIMIT 1   [ RunTime:0.0010s ]
SQL: SELECT * FROM `jk_user` WHERE `UE_account` = '15555555555' LIMIT 1   [ RunTime:0.0020s ]
SQL: UPDATE `jk_ppdd` SET `zt`='0',`jydate`='',`g_name`='',`g_user`='',`g_level`='',`g_id`='' WHERE `g_user` = '15555555555' AND `zt` = 1 [ RunTime:0.0000s ]
NOTIC: [8] Use of undefined constant date - assumed 'date' C:\www\kj\User\Home\Controller\CommonController.class.php 第 88 行.
SQL: SHOW COLUMNS FROM `jk_date` [ RunTime:0.0040s ]
SQL: SELECT * FROM `jk_date` WHERE `date` = 1544457630 LIMIT 1   [ RunTime:0.0000s ]
SQL: SHOW COLUMNS FROM `jk_shop_orderform` [ RunTime:0.0050s ]
SQL: SELECT * FROM `jk_shop_orderform` WHERE `user` = '15555555555' ORDER BY zt asc,id desc  [ RunTime:0.0000s ]
INFO: [ view_parse ] --START--
INFO: [ template_filter ] --START--
INFO: Run Behavior\ContentReplaceBehavior [ RunTime:0.000000s ]
INFO: [ template_filter ] --END-- [ RunTime:0.000000s ]
INFO: Run Behavior\ParseTemplateBehavior [ RunTime:0.007000s ]
INFO: [ view_parse ] --END-- [ RunTime:0.007000s ]
INFO: [ view_filter ] --START--
INFO: Run Behavior\WriteHtmlCacheBehavior [ RunTime:0.000000s ]
INFO: Run Behavior\TokenBuildBehavior [ RunTime:0.001000s ]
INFO: [ view_filter ] --END-- [ RunTime:0.001000s ]
INFO: [ app_end ] --START--
INFO: Run Behavior\ShowPageTraceBehavior [ RunTime:0.000000s ]
INFO: [ app_end ] --END-- [ RunTime:0.000000s ]

[ 2018-12-11T13:49:48+08:00 ] 127.0.0.1 /index.php/Home/Info/Index/
INFO: [ app_init ] --START--
INFO: Run Behavior\BuildLiteBehavior [ RunTime:0.000000s ]
INFO: [ app_init ] --END-- [ RunTime:0.001000s ]
INFO: [ app_begin ] --START--
INFO: Run Behavior\ReadHtmlCacheBehavior [ RunTime:0.000000s ]
INFO: [ app_begin ] --END-- [ RunTime:0.000000s ]
SQL: SHOW COLUMNS FROM `jk_system` [ RunTime:0.0050s ]
SQL: SELECT * FROM `jk_system` WHERE `SYS_ID` = 1 LIMIT 1   [ RunTime:0.0010s ]
SQL: SHOW COLUMNS FROM `jk_user` [ RunTime:0.0040s ]
SQL: SELECT * FROM `jk_user` WHERE `UE_ID` = 7 LIMIT 1   [ RunTime:0.0010s ]
SQL: SHOW COLUMNS FROM `jk_ppdd` [ RunTime:0.0050s ]
SQL: SELECT * FROM `jk_ppdd` WHERE `g_user` = '15555555555' AND `zt` = 1 LIMIT 1   [ RunTime:0.0000s ]
SQL: SELECT * FROM `jk_ppdd` WHERE `g_user` = '15555555555' AND `zt` = 1 LIMIT 1   [ RunTime:0.0000s ]
SQL: SELECT * FROM `jk_user` WHERE `UE_account` = '15555555555' LIMIT 1   [ RunTime:0.0010s ]
SQL: UPDATE `jk_ppdd` SET `zt`='0',`jydate`='',`g_name`='',`g_user`='',`g_level`='',`g_id`='' WHERE `g_user` = '15555555555' AND `zt` = 1 [ RunTime:0.0010s ]
NOTIC: [8] Use of undefined constant date - assumed 'date' C:\www\kj\User\Home\Controller\CommonController.class.php 第 88 行.
SQL: SHOW COLUMNS FROM `jk_date` [ RunTime:0.0030s ]
SQL: SELECT * FROM `jk_date` WHERE `date` = 1544457630 LIMIT 1   [ RunTime:0.0000s ]
SQL: SELECT * FROM `jk_user` WHERE `UE_account` = '15555555555' LIMIT 1   [ RunTime:0.0010s ]
SQL: SELECT * FROM `jk_ppdd` WHERE ( `zt` = '0' OR `zt` = '1' ) AND `datatype` = 'qglkb' ORDER BY zt asc, danjia desc  [ RunTime:0.0000s ]
SQL: SELECT * FROM `jk_ppdd` WHERE `datatype` = 'cslkb' AND ( `zt` = '0' OR `zt` = '1' ) ORDER BY zt asc, danjia desc  [ RunTime:0.0010s ]
SQL: SELECT * FROM `jk_date` ORDER BY id desc LIMIT 1   [ RunTime:0.0000s ]
SQL: SELECT SUM(lkb) AS tp_sum FROM `jk_ppdd` WHERE ( `jydate` > '2018-12-11 00:00:00' AND `jydate` < '2018-12-11 23:59:59'  ) LIMIT 1   [ RunTime:0.0000s ]
SQL: SHOW COLUMNS FROM `jk_jyl` [ RunTime:0.0040s ]
SQL: SELECT * FROM `jk_jyl` ORDER BY id desc LIMIT 1   [ RunTime:0.0000s ]
SQL: SELECT * FROM `jk_date` WHERE ( `date` > 1544371200 AND `date` < 1544457599  ) ORDER BY id desc LIMIT 1   [ RunTime:0.0010s ]
SQL: SELECT * FROM `jk_date` WHERE ( `date` >= 1544457600 AND `date` < 1544543999  ) ORDER BY id asc LIMIT 1   [ RunTime:0.0000s ]
SQL: SELECT MAX(price) AS tp_max FROM `jk_date` WHERE ( `date` >= 1544457600 AND `date` < 1544543999  ) LIMIT 1   [ RunTime:0.0000s ]
SQL: SELECT MIN(price) AS tp_min FROM `jk_date` WHERE ( `date` >= 1544457600 AND `date` < 1544543999  ) LIMIT 1   [ RunTime:0.0010s ]
NOTIC: [8] Use of undefined constant ridate - assumed 'ridate' C:\www\kj\User\Home\Controller\InfoController.class.php 第 84 行.
SQL: SHOW COLUMNS FROM `jk_ridate` [ RunTime:0.0030s ]
SQL: SELECT * FROM `jk_ridate` WHERE `date` = 1544457600 LIMIT 1   [ RunTime:0.0000s ]
SQL: SELECT * FROM `jk_user` WHERE `UE_account` = '15555555555' LIMIT 1   [ RunTime:0.0010s ]
SQL: SHOW COLUMNS FROM `jk_config` [ RunTime:0.0040s ]
SQL: SELECT * FROM `jk_config` WHERE `id` = 1 LIMIT 1   [ RunTime:0.0000s ]
SQL: SELECT * FROM `jk_config` WHERE `id` = 2 LIMIT 1   [ RunTime:0.0010s ]
SQL: SELECT * FROM `jk_config` WHERE `id` = 5 LIMIT 1   [ RunTime:0.0000s ]
INFO: [ view_parse ] --START--
INFO: [ template_filter ] --START--
INFO: Run Behavior\ContentReplaceBehavior [ RunTime:0.001000s ]
INFO: [ template_filter ] --END-- [ RunTime:0.001000s ]
NOTIC: [8] Undefined index: secpwd C:\www\kj\User\Runtime\Cache\Home\c2994bc2cb9f025897d4a7cda77ac2b7.php 第 703 行.
INFO: Run Behavior\ParseTemplateBehavior [ RunTime:0.011000s ]
INFO: [ view_parse ] --END-- [ RunTime:0.011000s ]
INFO: [ view_filter ] --START--
INFO: Run Behavior\WriteHtmlCacheBehavior [ RunTime:0.000000s ]
INFO: Run Behavior\TokenBuildBehavior [ RunTime:0.001000s ]
INFO: [ view_filter ] --END-- [ RunTime:0.001000s ]
INFO: [ app_end ] --START--
INFO: Run Behavior\ShowPageTraceBehavior [ RunTime:0.000000s ]
INFO: [ app_end ] --END-- [ RunTime:0.000000s ]

[ 2018-12-11T13:49:49+08:00 ] 127.0.0.1 /index.php/Home/Ajax/getgp.html
INFO: [ app_init ] --START--
INFO: Run Behavior\BuildLiteBehavior [ RunTime:0.000000s ]
INFO: [ app_init ] --END-- [ RunTime:0.000000s ]
INFO: [ app_begin ] --START--
INFO: Run Behavior\ReadHtmlCacheBehavior [ RunTime:0.000000s ]
INFO: [ app_begin ] --END-- [ RunTime:0.000000s ]
NOTIC: [2] session_start(): Cannot send session cache limiter - headers already sent C:\www\kj\ThinkPHP\Common\functions.php 第 1263 行.
NOTIC: [2] Cannot modify header information - headers already sent C:\www\kj\User\Home\Controller\Basis1Controller.class.php 第 6 行.
SQL: SHOW COLUMNS FROM `jk_date` [ RunTime:0.0110s ]
SQL: SELECT `date`,`price` FROM `jk_date` WHERE ( `date` > 1544457600 AND `date` < 1544543999  )  [ RunTime:0.0000s ]
INFO: [ app_end ] --START--
INFO: Run Behavior\ShowPageTraceBehavior [ RunTime:0.001000s ]
INFO: [ app_end ] --END-- [ RunTime:0.001000s ]

[ 2018-12-11T13:49:52+08:00 ] 127.0.0.1 /index.php/Home/Index/index/
INFO: [ app_init ] --START--
INFO: Run Behavior\BuildLiteBehavior [ RunTime:0.000000s ]
INFO: [ app_init ] --END-- [ RunTime:0.000000s ]
INFO: [ app_begin ] --START--
INFO: Run Behavior\ReadHtmlCacheBehavior [ RunTime:0.001000s ]
INFO: [ app_begin ] --END-- [ RunTime:0.001000s ]
SQL: SHOW COLUMNS FROM `jk_userget` [ RunTime:0.0140s ]
NOTIC: [8] Use of undefined constant wakuang - assumed 'wakuang' C:\www\kj\User\Home\Controller\IndexController.class.php 第 15 行.
SQL: SELECT * FROM `jk_userget` WHERE `UG_account` = '15555555555' AND `UG_dataType` = 'wakuang' ORDER BY UG_ID DESC  [ RunTime:0.0030s ]
SQL: SHOW COLUMNS FROM `jk_user` [ RunTime:0.0160s ]
SQL: SELECT * FROM `jk_user` WHERE `UE_account` = '15555555555' LIMIT 1   [ RunTime:0.0020s ]
INFO: [ view_parse ] --START--
INFO: [ template_filter ] --START--
INFO: Run Behavior\ContentReplaceBehavior [ RunTime:0.000000s ]
INFO: [ template_filter ] --END-- [ RunTime:0.000000s ]
INFO: Run Behavior\ParseTemplateBehavior [ RunTime:0.009000s ]
INFO: [ view_parse ] --END-- [ RunTime:0.009000s ]
INFO: [ view_filter ] --START--
INFO: Run Behavior\WriteHtmlCacheBehavior [ RunTime:0.000000s ]
INFO: Run Behavior\TokenBuildBehavior [ RunTime:0.001000s ]
INFO: [ view_filter ] --END-- [ RunTime:0.001000s ]
INFO: [ app_end ] --START--
INFO: Run Behavior\ShowPageTraceBehavior [ RunTime:0.001000s ]
INFO: [ app_end ] --END-- [ RunTime:0.001000s ]

[ 2018-12-11T13:49:58+08:00 ] 127.0.0.1 /index.php/Home/Index/help/
INFO: [ app_init ] --START--
INFO: Run Behavior\BuildLiteBehavior [ RunTime:0.000000s ]
INFO: [ app_init ] --END-- [ RunTime:0.001000s ]
INFO: [ app_begin ] --START--
INFO: Run Behavior\ReadHtmlCacheBehavior [ RunTime:0.000000s ]
INFO: [ app_begin ] --END-- [ RunTime:0.000000s ]
SQL: SHOW COLUMNS FROM `jk_info` [ RunTime:0.0070s ]
SQL: SELECT * FROM `jk_info` WHERE `IF_type` = 'help' ORDER BY IF_ID DESC  [ RunTime:0.0020s ]
INFO: [ view_parse ] --START--
INFO: [ template_filter ] --START--
INFO: Run Behavior\ContentReplaceBehavior [ RunTime:0.000000s ]
INFO: [ template_filter ] --END-- [ RunTime:0.000000s ]
NOTIC: [8] Undefined variable: info2 C:\www\kj\User\Runtime\Cache\Home\58559768e8e0cd35a6a227c14df50f22.php 第 46 行.
NOTIC: [8] Undefined variable: info2 C:\www\kj\User\Runtime\Cache\Home\58559768e8e0cd35a6a227c14df50f22.php 第 47 行.
NOTIC: [8] Undefined variable: info3 C:\www\kj\User\Runtime\Cache\Home\58559768e8e0cd35a6a227c14df50f22.php 第 53 行.
NOTIC: [8] Undefined variable: info3 C:\www\kj\User\Runtime\Cache\Home\58559768e8e0cd35a6a227c14df50f22.php 第 54 行.
INFO: Run Behavior\ParseTemplateBehavior [ RunTime:0.011000s ]
INFO: [ view_parse ] --END-- [ RunTime:0.011000s ]
INFO: [ view_filter ] --START--
INFO: Run Behavior\WriteHtmlCacheBehavior [ RunTime:0.001000s ]
INFO: Run Behavior\TokenBuildBehavior [ RunTime:0.000000s ]
INFO: [ view_filter ] --END-- [ RunTime:0.001000s ]
INFO: [ app_end ] --START--
INFO: Run Behavior\ShowPageTraceBehavior [ RunTime:0.002000s ]
INFO: [ app_end ] --END-- [ RunTime:0.002000s ]

[ 2018-12-11T13:50:04+08:00 ] 127.0.0.1 /index.php/Home/Info/myziliao/
INFO: [ app_init ] --START--
INFO: Run Behavior\BuildLiteBehavior [ RunTime:0.000000s ]
INFO: [ app_init ] --END-- [ RunTime:0.000000s ]
INFO: [ app_begin ] --START--
INFO: Run Behavior\ReadHtmlCacheBehavior [ RunTime:0.001000s ]
INFO: [ app_begin ] --END-- [ RunTime:0.001000s ]
SQL: SHOW COLUMNS FROM `jk_system` [ RunTime:0.0080s ]
SQL: SELECT * FROM `jk_system` WHERE `SYS_ID` = 1 LIMIT 1   [ RunTime:0.0010s ]
SQL: SHOW COLUMNS FROM `jk_user` [ RunTime:0.0090s ]
SQL: SELECT * FROM `jk_user` WHERE `UE_ID` = 7 LIMIT 1   [ RunTime:0.0020s ]
SQL: SHOW COLUMNS FROM `jk_ppdd` [ RunTime:0.0070s ]
SQL: SELECT * FROM `jk_ppdd` WHERE `g_user` = '15555555555' AND `zt` = 1 LIMIT 1   [ RunTime:0.0010s ]
SQL: SELECT * FROM `jk_ppdd` WHERE `g_user` = '15555555555' AND `zt` = 1 LIMIT 1   [ RunTime:0.0000s ]
SQL: SELECT * FROM `jk_user` WHERE `UE_account` = '15555555555' LIMIT 1   [ RunTime:0.0020s ]
SQL: UPDATE `jk_ppdd` SET `zt`='0',`jydate`='',`g_name`='',`g_user`='',`g_level`='',`g_id`='' WHERE `g_user` = '15555555555' AND `zt` = 1 [ RunTime:0.0000s ]
NOTIC: [8] Use of undefined constant date - assumed 'date' C:\www\kj\User\Home\Controller\CommonController.class.php 第 88 行.
SQL: SHOW COLUMNS FROM `jk_date` [ RunTime:0.0060s ]
SQL: SELECT * FROM `jk_date` WHERE `date` = 1544457630 LIMIT 1   [ RunTime:0.0000s ]
SQL: SELECT * FROM `jk_user` WHERE `UE_account` = '15555555555'  [ RunTime:0.0020s ]
SQL: SELECT * FROM `jk_user` WHERE `UE_account` = '15555555555' LIMIT 1   [ RunTime:0.0010s ]
INFO: [ view_parse ] --START--
INFO: [ template_filter ] --START--
INFO: Run Behavior\ContentReplaceBehavior [ RunTime:0.000000s ]
INFO: [ template_filter ] --END-- [ RunTime:0.000000s ]
NOTIC: [8] Use of undefined constant ue_sfz - assumed 'ue_sfz' C:\www\kj\User\Runtime\Cache\Home\96ed826c0c2fe77a520bbb051008bff9.php 第 297 行.
NOTIC: [8] Array to string conversion C:\www\kj\User\Runtime\Cache\Home\96ed826c0c2fe77a520bbb051008bff9.php 第 297 行.
INFO: Run Behavior\ParseTemplateBehavior [ RunTime:0.014000s ]
INFO: [ view_parse ] --END-- [ RunTime:0.014000s ]
INFO: [ view_filter ] --START--
INFO: Run Behavior\WriteHtmlCacheBehavior [ RunTime:0.000000s ]
INFO: Run Behavior\TokenBuildBehavior [ RunTime:0.001000s ]
INFO: [ view_filter ] --END-- [ RunTime:0.001000s ]
INFO: [ app_end ] --START--
INFO: Run Behavior\ShowPageTraceBehavior [ RunTime:0.000000s ]
INFO: [ app_end ] --END-- [ RunTime:0.000000s ]

[ 2018-12-11T13:50:28+08:00 ] 127.0.0.1 /index.php/Home/Index/Index/
INFO: [ app_init ] --START--
INFO: Run Behavior\BuildLiteBehavior [ RunTime:0.000000s ]
INFO: [ app_init ] --END-- [ RunTime:0.000000s ]
INFO: [ app_begin ] --START--
INFO: Run Behavior\ReadHtmlCacheBehavior [ RunTime:0.000000s ]
INFO: [ app_begin ] --END-- [ RunTime:0.000000s ]
SQL: SHOW COLUMNS FROM `jk_userget` [ RunTime:0.0050s ]
NOTIC: [8] Use of undefined constant wakuang - assumed 'wakuang' C:\www\kj\User\Home\Controller\IndexController.class.php 第 15 行.
SQL: SELECT * FROM `jk_userget` WHERE `UG_account` = '15555555555' AND `UG_dataType` = 'wakuang' ORDER BY UG_ID DESC  [ RunTime:0.0020s ]
SQL: SHOW COLUMNS FROM `jk_user` [ RunTime:0.0070s ]
SQL: SELECT * FROM `jk_user` WHERE `UE_account` = '15555555555' LIMIT 1   [ RunTime:0.0020s ]
INFO: [ view_parse ] --START--
INFO: [ template_filter ] --START--
INFO: Run Behavior\ContentReplaceBehavior [ RunTime:0.000000s ]
INFO: [ template_filter ] --END-- [ RunTime:0.000000s ]
INFO: Run Behavior\ParseTemplateBehavior [ RunTime:0.007000s ]
INFO: [ view_parse ] --END-- [ RunTime:0.007000s ]
INFO: [ view_filter ] --START--
INFO: Run Behavior\WriteHtmlCacheBehavior [ RunTime:0.000000s ]
INFO: Run Behavior\TokenBuildBehavior [ RunTime:0.001000s ]
INFO: [ view_filter ] --END-- [ RunTime:0.001000s ]
INFO: [ app_end ] --START--
INFO: Run Behavior\ShowPageTraceBehavior [ RunTime:0.000000s ]
INFO: [ app_end ] --END-- [ RunTime:0.000000s ]

[ 2018-12-11T13:51:06+08:00 ] 127.0.0.1 /index.php/Home/Index/Index/
INFO: [ app_init ] --START--
INFO: Run Behavior\BuildLiteBehavior [ RunTime:0.000000s ]
INFO: [ app_init ] --END-- [ RunTime:0.001000s ]
INFO: [ app_begin ] --START--
INFO: Run Behavior\ReadHtmlCacheBehavior [ RunTime:0.001000s ]
INFO: [ app_begin ] --END-- [ RunTime:0.001000s ]
SQL: SHOW COLUMNS FROM `jk_userget` [ RunTime:0.0070s ]
NOTIC: [8] Use of undefined constant wakuang - assumed 'wakuang' C:\www\kj\User\Home\Controller\IndexController.class.php 第 15 行.
SQL: SELECT * FROM `jk_userget` WHERE `UG_account` = '15555555555' AND `UG_dataType` = 'wakuang' ORDER BY UG_ID DESC  [ RunTime:0.0010s ]
SQL: SHOW COLUMNS FROM `jk_user` [ RunTime:0.0100s ]
SQL: SELECT * FROM `jk_user` WHERE `UE_account` = '15555555555' LIMIT 1   [ RunTime:0.0020s ]
INFO: [ view_parse ] --START--
INFO: [ template_filter ] --START--
INFO: Run Behavior\ContentReplaceBehavior [ RunTime:0.000000s ]
INFO: [ template_filter ] --END-- [ RunTime:0.000000s ]
INFO: Run Behavior\ParseTemplateBehavior [ RunTime:0.011000s ]
INFO: [ view_parse ] --END-- [ RunTime:0.011000s ]
INFO: [ view_filter ] --START--
INFO: Run Behavior\WriteHtmlCacheBehavior [ RunTime:0.000000s ]
INFO: Run Behavior\TokenBuildBehavior [ RunTime:0.000000s ]
INFO: [ view_filter ] --END-- [ RunTime:0.001000s ]
INFO: [ app_end ] --START--
INFO: Run Behavior\ShowPageTraceBehavior [ RunTime:0.001000s ]
INFO: [ app_end ] --END-- [ RunTime:0.001000s ]

[ 2018-12-11T17:49:31+08:00 ] 127.0.0.1 /
INFO: [ app_init ] --START--
INFO: Run Behavior\BuildLiteBehavior [ RunTime:0.000000s ]
INFO: [ app_init ] --END-- [ RunTime:0.004000s ]
INFO: [ app_begin ] --START--
INFO: Run Behavior\ReadHtmlCacheBehavior [ RunTime:0.001000s ]
INFO: [ app_begin ] --END-- [ RunTime:0.001000s ]
SQL: SHOW COLUMNS FROM `jk_userget` [ RunTime:0.0460s ]
NOTIC: [8] Use of undefined constant wakuang - assumed 'wakuang' C:\www\kj\User\Home\Controller\IndexController.class.php 第 15 行.
SQL: SELECT * FROM `jk_userget` WHERE `UG_account` = '15555555555' AND `UG_dataType` = 'wakuang' ORDER BY UG_ID DESC  [ RunTime:0.0130s ]
SQL: SHOW COLUMNS FROM `jk_user` [ RunTime:0.0160s ]
SQL: SELECT * FROM `jk_user` WHERE `UE_account` = '15555555555' LIMIT 1   [ RunTime:0.0100s ]
INFO: [ view_parse ] --START--
INFO: [ template_filter ] --START--
INFO: Run Behavior\ContentReplaceBehavior [ RunTime:0.000000s ]
INFO: [ template_filter ] --END-- [ RunTime:0.000000s ]
INFO: Run Behavior\ParseTemplateBehavior [ RunTime:0.019000s ]
INFO: [ view_parse ] --END-- [ RunTime:0.019000s ]
INFO: [ view_filter ] --START--
INFO: Run Behavior\WriteHtmlCacheBehavior [ RunTime:0.001000s ]
INFO: Run Behavior\TokenBuildBehavior [ RunTime:0.002000s ]
INFO: [ view_filter ] --END-- [ RunTime:0.003000s ]
INFO: [ app_end ] --START--
INFO: Run Behavior\ShowPageTraceBehavior [ RunTime:0.006000s ]
INFO: [ app_end ] --END-- [ RunTime:0.006000s ]

[ 2018-12-11T17:49:36+08:00 ] 127.0.0.1 /
INFO: [ app_init ] --START--
INFO: Run Behavior\BuildLiteBehavior [ RunTime:0.000000s ]
INFO: [ app_init ] --END-- [ RunTime:0.001000s ]
INFO: [ app_begin ] --START--
INFO: Run Behavior\ReadHtmlCacheBehavior [ RunTime:0.001000s ]
INFO: [ app_begin ] --END-- [ RunTime:0.001000s ]
SQL: SHOW COLUMNS FROM `jk_userget` [ RunTime:0.0080s ]
NOTIC: [8] Use of undefined constant wakuang - assumed 'wakuang' C:\www\kj\User\Home\Controller\IndexController.class.php 第 15 行.
SQL: SELECT * FROM `jk_userget` WHERE `UG_account` = '15555555555' AND `UG_dataType` = 'wakuang' ORDER BY UG_ID DESC  [ RunTime:0.0000s ]
SQL: SHOW COLUMNS FROM `jk_user` [ RunTime:0.0100s ]
SQL: SELECT * FROM `jk_user` WHERE `UE_account` = '15555555555' LIMIT 1   [ RunTime:0.0020s ]
INFO: [ view_parse ] --START--
INFO: [ template_filter ] --START--
INFO: Run Behavior\ContentReplaceBehavior [ RunTime:0.000000s ]
INFO: [ template_filter ] --END-- [ RunTime:0.000000s ]
INFO: Run Behavior\ParseTemplateBehavior [ RunTime:0.007000s ]
INFO: [ view_parse ] --END-- [ RunTime:0.007000s ]
INFO: [ view_filter ] --START--
INFO: Run Behavior\WriteHtmlCacheBehavior [ RunTime:0.000000s ]
INFO: Run Behavior\TokenBuildBehavior [ RunTime:0.000000s ]
INFO: [ view_filter ] --END-- [ RunTime:0.000000s ]
INFO: [ app_end ] --START--
INFO: Run Behavior\ShowPageTraceBehavior [ RunTime:0.001000s ]
INFO: [ app_end ] --END-- [ RunTime:0.001000s ]

[ 2018-12-11T17:49:38+08:00 ] 127.0.0.1 /index.php/Home/Index/Index/
INFO: [ app_init ] --START--
INFO: Run Behavior\BuildLiteBehavior [ RunTime:0.000000s ]
INFO: [ app_init ] --END-- [ RunTime:0.000000s ]
INFO: [ app_begin ] --START--
INFO: Run Behavior\ReadHtmlCacheBehavior [ RunTime:0.001000s ]
INFO: [ app_begin ] --END-- [ RunTime:0.001000s ]
SQL: SHOW COLUMNS FROM `jk_userget` [ RunTime:0.0090s ]
NOTIC: [8] Use of undefined constant wakuang - assumed 'wakuang' C:\www\kj\User\Home\Controller\IndexController.class.php 第 15 行.
SQL: SELECT * FROM `jk_userget` WHERE `UG_account` = '15555555555' AND `UG_dataType` = 'wakuang' ORDER BY UG_ID DESC  [ RunTime:0.0010s ]
SQL: SHOW COLUMNS FROM `jk_user` [ RunTime:0.0110s ]
SQL: SELECT * FROM `jk_user` WHERE `UE_account` = '15555555555' LIMIT 1   [ RunTime:0.0020s ]
INFO: [ view_parse ] --START--
INFO: [ template_filter ] --START--
INFO: Run Behavior\ContentReplaceBehavior [ RunTime:0.000000s ]
INFO: [ template_filter ] --END-- [ RunTime:0.000000s ]
INFO: Run Behavior\ParseTemplateBehavior [ RunTime:0.006000s ]
INFO: [ view_parse ] --END-- [ RunTime:0.006000s ]
INFO: [ view_filter ] --START--
INFO: Run Behavior\WriteHtmlCacheBehavior [ RunTime:0.000000s ]
INFO: Run Behavior\TokenBuildBehavior [ RunTime:0.000000s ]
INFO: [ view_filter ] --END-- [ RunTime:0.001000s ]
INFO: [ app_end ] --START--
INFO: Run Behavior\ShowPageTraceBehavior [ RunTime:0.000000s ]
INFO: [ app_end ] --END-- [ RunTime:0.000000s ]

[ 2018-12-11T17:49:46+08:00 ] 127.0.0.1 /index.php/Home/Index/Index/
INFO: [ app_init ] --START--
INFO: Run Behavior\BuildLiteBehavior [ RunTime:0.000000s ]
INFO: [ app_init ] --END-- [ RunTime:0.001000s ]
INFO: [ app_begin ] --START--
INFO: Run Behavior\ReadHtmlCacheBehavior [ RunTime:0.001000s ]
INFO: [ app_begin ] --END-- [ RunTime:0.001000s ]
SQL: SHOW COLUMNS FROM `jk_userget` [ RunTime:0.0200s ]
NOTIC: [8] Use of undefined constant wakuang - assumed 'wakuang' C:\www\kj\User\Home\Controller\IndexController.class.php 第 15 行.
SQL: SELECT * FROM `jk_userget` WHERE `UG_account` = '15555555555' AND `UG_dataType` = 'wakuang' ORDER BY UG_ID DESC  [ RunTime:0.0010s ]
SQL: SHOW COLUMNS FROM `jk_user` [ RunTime:0.0110s ]
SQL: SELECT * FROM `jk_user` WHERE `UE_account` = '15555555555' LIMIT 1   [ RunTime:0.0010s ]
INFO: [ view_parse ] --START--
INFO: [ template_filter ] --START--
INFO: Run Behavior\ContentReplaceBehavior [ RunTime:0.000000s ]
INFO: [ template_filter ] --END-- [ RunTime:0.000000s ]
INFO: Run Behavior\ParseTemplateBehavior [ RunTime:0.006000s ]
INFO: [ view_parse ] --END-- [ RunTime:0.006000s ]
INFO: [ view_filter ] --START--
INFO: Run Behavior\WriteHtmlCacheBehavior [ RunTime:0.000000s ]
INFO: Run Behavior\TokenBuildBehavior [ RunTime:0.001000s ]
INFO: [ view_filter ] --END-- [ RunTime:0.001000s ]
INFO: [ app_end ] --START--
INFO: Run Behavior\ShowPageTraceBehavior [ RunTime:0.001000s ]
INFO: [ app_end ] --END-- [ RunTime:0.001000s ]

[ 2018-12-11T17:51:22+08:00 ] 127.0.0.1 /index.php/Home/Index/Index/
INFO: [ app_init ] --START--
INFO: Run Behavior\BuildLiteBehavior [ RunTime:0.000000s ]
INFO: [ app_init ] --END-- [ RunTime:0.000000s ]
INFO: [ app_begin ] --START--
INFO: Run Behavior\ReadHtmlCacheBehavior [ RunTime:0.002000s ]
INFO: [ app_begin ] --END-- [ RunTime:0.002000s ]
SQL: SHOW COLUMNS FROM `jk_userget` [ RunTime:0.0080s ]
NOTIC: [8] Use of undefined constant wakuang - assumed 'wakuang' C:\www\kj\User\Home\Controller\IndexController.class.php 第 15 行.
SQL: SELECT * FROM `jk_userget` WHERE `UG_account` = '15555555555' AND `UG_dataType` = 'wakuang' ORDER BY UG_ID DESC  [ RunTime:0.0010s ]
SQL: SHOW COLUMNS FROM `jk_user` [ RunTime:0.0080s ]
SQL: SELECT * FROM `jk_user` WHERE `UE_account` = '15555555555' LIMIT 1   [ RunTime:0.0010s ]
INFO: [ view_parse ] --START--
INFO: [ template_filter ] --START--
INFO: Run Behavior\ContentReplaceBehavior [ RunTime:0.000000s ]
INFO: [ template_filter ] --END-- [ RunTime:0.000000s ]
INFO: Run Behavior\ParseTemplateBehavior [ RunTime:0.006000s ]
INFO: [ view_parse ] --END-- [ RunTime:0.006000s ]
INFO: [ view_filter ] --START--
INFO: Run Behavior\WriteHtmlCacheBehavior [ RunTime:0.000000s ]
INFO: Run Behavior\TokenBuildBehavior [ RunTime:0.000000s ]
INFO: [ view_filter ] --END-- [ RunTime:0.000000s ]
INFO: [ app_end ] --START--
INFO: Run Behavior\ShowPageTraceBehavior [ RunTime:0.001000s ]
INFO: [ app_end ] --END-- [ RunTime:0.001000s ]

