[ 2018-03-17T13:02:02+08:00 ] 36.60.161.89 /admin8899.php/Shop/index/index
INFO: [ app_init ] --START--
INFO: Run Behavior\BuildLiteBehavior [ RunTime:0.000000s ]
INFO: [ app_init ] --END-- [ RunTime:0.000000s ]
INFO: [ app_begin ] --START--
INFO: Run Behavior\ReadHtmlCacheBehavior [ RunTime:0.000000s ]
INFO: [ app_begin ] --END-- [ RunTime:0.000000s ]
SQL: SHOW COLUMNS FROM `jk_shop_leibie` [ RunTime:0.0000s ]
NOTIC: [8] Undefined index: p E:\phpStudy\WWW\snadmin\Shop\Controller\IndexController.class.php 第 17 行.
SQL: SELECT * FROM `jk_shop_leibie` LIMIT 0,12   [ RunTime:0.0000s ]
SQL: SELECT COUNT(*) AS tp_count FROM `jk_shop_leibie` LIMIT 1   [ RunTime:0.0000s ]
INFO: [ view_parse ] --START--
INFO: [ template_filter ] --START--
INFO: Run Behavior\ContentReplaceBehavior [ RunTime:0.000000s ]
INFO: [ template_filter ] --END-- [ RunTime:0.000000s ]
SQL: SHOW COLUMNS FROM `jk_system` [ RunTime:0.0000s ]
SQL: SELECT `toggleshop` FROM `jk_system` WHERE `SYS_ID` = 1 LIMIT 1   [ RunTime:0.0000s ]
INFO: Run Behavior\ParseTemplateBehavior [ RunTime:0.000000s ]
INFO: [ view_parse ] --END-- [ RunTime:0.000000s ]
INFO: [ view_filter ] --START--
INFO: Run Behavior\WriteHtmlCacheBehavior [ RunTime:0.000000s ]
INFO: [ view_filter ] --END-- [ RunTime:0.000000s ]
INFO: [ app_end ] --START--
INFO: Run Behavior\ShowPageTraceBehavior [ RunTime:0.000000s ]
INFO: [ app_end ] --END-- [ RunTime:0.000000s ]

[ 2018-03-17T13:02:04+08:00 ] 36.60.161.89 /admin8899.php/Shop/Project/listProject
INFO: [ app_init ] --START--
INFO: Run Behavior\BuildLiteBehavior [ RunTime:0.000000s ]
INFO: [ app_init ] --END-- [ RunTime:0.000000s ]
INFO: [ app_begin ] --START--
INFO: Run Behavior\ReadHtmlCacheBehavior [ RunTime:0.000000s ]
INFO: [ app_begin ] --END-- [ RunTime:0.000000s ]
SQL: SHOW COLUMNS FROM `jk_shop_project` [ RunTime:0.0000s ]
NOTIC: [8] Undefined index: p E:\phpStudy\WWW\snadmin\Shop\Controller\ProjectController.class.php 第 41 行.
SQL: SELECT jk_shop_project.*,jk_shop_leibie.name as pidname FROM `jk_shop_project` INNER JOIN jk_shop_leibie ON jk_shop_project.pid = jk_shop_leibie.id  LIMIT 0,12   [ RunTime:0.0000s ]
SQL: SELECT COUNT(*) AS tp_count FROM `jk_shop_project` LIMIT 1   [ RunTime:0.0000s ]
INFO: [ view_parse ] --START--
INFO: [ template_filter ] --START--
INFO: Run Behavior\ContentReplaceBehavior [ RunTime:0.000000s ]
INFO: [ template_filter ] --END-- [ RunTime:0.000000s ]
INFO: Run Behavior\ParseTemplateBehavior [ RunTime:0.000000s ]
INFO: [ view_parse ] --END-- [ RunTime:0.000000s ]
INFO: [ view_filter ] --START--
INFO: Run Behavior\WriteHtmlCacheBehavior [ RunTime:0.000000s ]
INFO: [ view_filter ] --END-- [ RunTime:0.000000s ]
INFO: [ app_end ] --START--
INFO: Run Behavior\ShowPageTraceBehavior [ RunTime:0.000000s ]
INFO: [ app_end ] --END-- [ RunTime:0.000000s ]

[ 2018-03-17T13:02:24+08:00 ] 36.60.161.89 /admin8899.php/Shop/index/listOrderform
INFO: [ app_init ] --START--
INFO: Run Behavior\BuildLiteBehavior [ RunTime:0.000000s ]
INFO: [ app_init ] --END-- [ RunTime:0.000000s ]
INFO: [ app_begin ] --START--
INFO: Run Behavior\ReadHtmlCacheBehavior [ RunTime:0.000000s ]
INFO: [ app_begin ] --END-- [ RunTime:0.000000s ]
SQL: SHOW COLUMNS FROM `jk_shop_orderform` [ RunTime:0.0000s ]
NOTIC: [8] Undefined index: p E:\phpStudy\WWW\snadmin\Shop\Controller\IndexController.class.php 第 83 行.
SQL: SELECT * FROM `jk_shop_orderform` ORDER BY id desc LIMIT 0,12   [ RunTime:0.0000s ]
SQL: SELECT COUNT(*) AS tp_count FROM `jk_shop_orderform` LIMIT 1   [ RunTime:0.0000s ]
INFO: [ view_parse ] --START--
INFO: [ template_filter ] --START--
INFO: Run Behavior\ContentReplaceBehavior [ RunTime:0.000000s ]
INFO: [ template_filter ] --END-- [ RunTime:0.000000s ]
INFO: Run Behavior\ParseTemplateBehavior [ RunTime:0.000000s ]
INFO: [ view_parse ] --END-- [ RunTime:0.000000s ]
INFO: [ view_filter ] --START--
INFO: Run Behavior\WriteHtmlCacheBehavior [ RunTime:0.000000s ]
INFO: [ view_filter ] --END-- [ RunTime:0.000000s ]
INFO: [ app_end ] --START--
INFO: Run Behavior\ShowPageTraceBehavior [ RunTime:0.000000s ]
INFO: [ app_end ] --END-- [ RunTime:0.000000s ]

[ 2018-03-17T19:44:40+08:00 ] 223.242.125.89 /admin8899.php/Shop/index/index
INFO: [ app_init ] --START--
INFO: Run Behavior\BuildLiteBehavior [ RunTime:0.000000s ]
INFO: [ app_init ] --END-- [ RunTime:0.000000s ]
INFO: [ app_begin ] --START--
INFO: Run Behavior\ReadHtmlCacheBehavior [ RunTime:0.000000s ]
INFO: [ app_begin ] --END-- [ RunTime:0.000000s ]
SQL: SHOW COLUMNS FROM `jk_shop_leibie` [ RunTime:0.0000s ]
NOTIC: [8] Undefined index: p E:\phpStudy\WWW\snadmin\Shop\Controller\IndexController.class.php 第 17 行.
SQL: SELECT * FROM `jk_shop_leibie` LIMIT 0,12   [ RunTime:0.0000s ]
SQL: SELECT COUNT(*) AS tp_count FROM `jk_shop_leibie` LIMIT 1   [ RunTime:0.0000s ]
INFO: [ view_parse ] --START--
INFO: [ template_filter ] --START--
INFO: Run Behavior\ContentReplaceBehavior [ RunTime:0.000000s ]
INFO: [ template_filter ] --END-- [ RunTime:0.000000s ]
SQL: SHOW COLUMNS FROM `jk_system` [ RunTime:0.0000s ]
SQL: SELECT `toggleshop` FROM `jk_system` WHERE `SYS_ID` = 1 LIMIT 1   [ RunTime:0.0000s ]
INFO: Run Behavior\ParseTemplateBehavior [ RunTime:0.000000s ]
INFO: [ view_parse ] --END-- [ RunTime:0.000000s ]
INFO: [ view_filter ] --START--
INFO: Run Behavior\WriteHtmlCacheBehavior [ RunTime:0.000000s ]
INFO: [ view_filter ] --END-- [ RunTime:0.000000s ]
INFO: [ app_end ] --START--
INFO: Run Behavior\ShowPageTraceBehavior [ RunTime:0.000000s ]
INFO: [ app_end ] --END-- [ RunTime:0.000000s ]

[ 2018-03-17T19:45:00+08:00 ] 223.242.125.89 /admin8899.php/Shop/Project/addProject
INFO: [ app_init ] --START--
INFO: Run Behavior\BuildLiteBehavior [ RunTime:0.000000s ]
INFO: [ app_init ] --END-- [ RunTime:0.000000s ]
INFO: [ app_begin ] --START--
INFO: Run Behavior\ReadHtmlCacheBehavior [ RunTime:0.000000s ]
INFO: [ app_begin ] --END-- [ RunTime:0.000000s ]
SQL: SHOW COLUMNS FROM `jk_shop_leibie` [ RunTime:0.0000s ]
SQL: SELECT * FROM `jk_shop_leibie`  [ RunTime:0.0000s ]
INFO: [ view_parse ] --START--
INFO: [ template_filter ] --START--
INFO: Run Behavior\ContentReplaceBehavior [ RunTime:0.000000s ]
INFO: [ template_filter ] --END-- [ RunTime:0.000000s ]
NOTIC: [8] Undefined variable: page E:\phpStudy\WWW\snadmin\Runtime\Cache\Shop\2da3c3b795ffa5c649df61435ccb05d0.php 第 225 行.
INFO: Run Behavior\ParseTemplateBehavior [ RunTime:0.000000s ]
INFO: [ view_parse ] --END-- [ RunTime:0.000000s ]
INFO: [ view_filter ] --START--
INFO: Run Behavior\WriteHtmlCacheBehavior [ RunTime:0.000000s ]
INFO: [ view_filter ] --END-- [ RunTime:0.000000s ]
INFO: [ app_end ] --START--
INFO: Run Behavior\ShowPageTraceBehavior [ RunTime:0.000000s ]
INFO: [ app_end ] --END-- [ RunTime:0.000000s ]

[ 2018-03-17T19:45:08+08:00 ] 223.242.125.89 /admin8899.php/Shop/Project/listProject
INFO: [ app_init ] --START--
INFO: Run Behavior\BuildLiteBehavior [ RunTime:0.000000s ]
INFO: [ app_init ] --END-- [ RunTime:0.000000s ]
INFO: [ app_begin ] --START--
INFO: Run Behavior\ReadHtmlCacheBehavior [ RunTime:0.000000s ]
INFO: [ app_begin ] --END-- [ RunTime:0.000000s ]
SQL: SHOW COLUMNS FROM `jk_shop_project` [ RunTime:0.0000s ]
NOTIC: [8] Undefined index: p E:\phpStudy\WWW\snadmin\Shop\Controller\ProjectController.class.php 第 41 行.
SQL: SELECT jk_shop_project.*,jk_shop_leibie.name as pidname FROM `jk_shop_project` INNER JOIN jk_shop_leibie ON jk_shop_project.pid = jk_shop_leibie.id  LIMIT 0,12   [ RunTime:0.0000s ]
SQL: SELECT COUNT(*) AS tp_count FROM `jk_shop_project` LIMIT 1   [ RunTime:0.0000s ]
INFO: [ view_parse ] --START--
INFO: [ template_filter ] --START--
INFO: Run Behavior\ContentReplaceBehavior [ RunTime:0.000000s ]
INFO: [ template_filter ] --END-- [ RunTime:0.000000s ]
INFO: Run Behavior\ParseTemplateBehavior [ RunTime:0.000000s ]
INFO: [ view_parse ] --END-- [ RunTime:0.000000s ]
INFO: [ view_filter ] --START--
INFO: Run Behavior\WriteHtmlCacheBehavior [ RunTime:0.000000s ]
INFO: [ view_filter ] --END-- [ RunTime:0.000000s ]
INFO: [ app_end ] --START--
INFO: Run Behavior\ShowPageTraceBehavior [ RunTime:0.000000s ]
INFO: [ app_end ] --END-- [ RunTime:0.000000s ]

[ 2018-03-17T19:45:10+08:00 ] 223.242.125.89 /admin8899.php/Shop/Project/addProject
INFO: [ app_init ] --START--
INFO: Run Behavior\BuildLiteBehavior [ RunTime:0.000000s ]
INFO: [ app_init ] --END-- [ RunTime:0.000000s ]
INFO: [ app_begin ] --START--
INFO: Run Behavior\ReadHtmlCacheBehavior [ RunTime:0.000000s ]
INFO: [ app_begin ] --END-- [ RunTime:0.000000s ]
SQL: SHOW COLUMNS FROM `jk_shop_leibie` [ RunTime:0.0000s ]
SQL: SELECT * FROM `jk_shop_leibie`  [ RunTime:0.0000s ]
INFO: [ view_parse ] --START--
INFO: [ template_filter ] --START--
INFO: Run Behavior\ContentReplaceBehavior [ RunTime:0.000000s ]
INFO: [ template_filter ] --END-- [ RunTime:0.000000s ]
NOTIC: [8] Undefined variable: page E:\phpStudy\WWW\snadmin\Runtime\Cache\Shop\2da3c3b795ffa5c649df61435ccb05d0.php 第 225 行.
INFO: Run Behavior\ParseTemplateBehavior [ RunTime:0.000000s ]
INFO: [ view_parse ] --END-- [ RunTime:0.000000s ]
INFO: [ view_filter ] --START--
INFO: Run Behavior\WriteHtmlCacheBehavior [ RunTime:0.000000s ]
INFO: [ view_filter ] --END-- [ RunTime:0.000000s ]
INFO: [ app_end ] --START--
INFO: Run Behavior\ShowPageTraceBehavior [ RunTime:0.000000s ]
INFO: [ app_end ] --END-- [ RunTime:0.000000s ]

[ 2018-03-17T19:45:17+08:00 ] 223.242.125.89 /admin8899.php/Shop/Project/listProject
INFO: [ app_init ] --START--
INFO: Run Behavior\BuildLiteBehavior [ RunTime:0.000000s ]
INFO: [ app_init ] --END-- [ RunTime:0.000000s ]
INFO: [ app_begin ] --START--
INFO: Run Behavior\ReadHtmlCacheBehavior [ RunTime:0.000000s ]
INFO: [ app_begin ] --END-- [ RunTime:0.000000s ]
SQL: SHOW COLUMNS FROM `jk_shop_project` [ RunTime:0.0000s ]
NOTIC: [8] Undefined index: p E:\phpStudy\WWW\snadmin\Shop\Controller\ProjectController.class.php 第 41 行.
SQL: SELECT jk_shop_project.*,jk_shop_leibie.name as pidname FROM `jk_shop_project` INNER JOIN jk_shop_leibie ON jk_shop_project.pid = jk_shop_leibie.id  LIMIT 0,12   [ RunTime:0.0000s ]
SQL: SELECT COUNT(*) AS tp_count FROM `jk_shop_project` LIMIT 1   [ RunTime:0.0000s ]
INFO: [ view_parse ] --START--
INFO: [ template_filter ] --START--
INFO: Run Behavior\ContentReplaceBehavior [ RunTime:0.000000s ]
INFO: [ template_filter ] --END-- [ RunTime:0.000000s ]
INFO: Run Behavior\ParseTemplateBehavior [ RunTime:0.000000s ]
INFO: [ view_parse ] --END-- [ RunTime:0.000000s ]
INFO: [ view_filter ] --START--
INFO: Run Behavior\WriteHtmlCacheBehavior [ RunTime:0.000000s ]
INFO: [ view_filter ] --END-- [ RunTime:0.000000s ]
INFO: [ app_end ] --START--
INFO: Run Behavior\ShowPageTraceBehavior [ RunTime:0.000000s ]
INFO: [ app_end ] --END-- [ RunTime:0.000000s ]

[ 2018-03-17T19:45:25+08:00 ] 223.242.125.89 /admin8899.php/Shop/Project/project/id/210
INFO: [ app_init ] --START--
INFO: Run Behavior\BuildLiteBehavior [ RunTime:0.000000s ]
INFO: [ app_init ] --END-- [ RunTime:0.000000s ]
INFO: [ app_begin ] --START--
INFO: Run Behavior\ReadHtmlCacheBehavior [ RunTime:0.000000s ]
INFO: [ app_begin ] --END-- [ RunTime:0.000000s ]
SQL: SHOW COLUMNS FROM `jk_shop_leibie` [ RunTime:0.0000s ]
SQL: SELECT * FROM `jk_shop_leibie`  [ RunTime:0.0000s ]
SQL: SHOW COLUMNS FROM `jk_shop_project` [ RunTime:0.0000s ]
SQL: SELECT * FROM `jk_shop_project` WHERE `id` = 210 LIMIT 1   [ RunTime:0.0000s ]
INFO: [ view_parse ] --START--
INFO: [ template_filter ] --START--
INFO: Run Behavior\ContentReplaceBehavior [ RunTime:0.000000s ]
INFO: [ template_filter ] --END-- [ RunTime:0.000000s ]
NOTIC: [8] Undefined variable: caution E:\phpStudy\WWW\snadmin\Runtime\Cache\Shop\e3336a36d5e7f6015c8807a35198cbb4.php 第 82 行.
NOTIC: [8] Undefined variable: caution E:\phpStudy\WWW\snadmin\Runtime\Cache\Shop\e3336a36d5e7f6015c8807a35198cbb4.php 第 161 行.
NOTIC: [8] Undefined variable: page E:\phpStudy\WWW\snadmin\Runtime\Cache\Shop\e3336a36d5e7f6015c8807a35198cbb4.php 第 249 行.
INFO: Run Behavior\ParseTemplateBehavior [ RunTime:0.000000s ]
INFO: [ view_parse ] --END-- [ RunTime:0.000000s ]
INFO: [ view_filter ] --START--
INFO: Run Behavior\WriteHtmlCacheBehavior [ RunTime:0.000000s ]
INFO: [ view_filter ] --END-- [ RunTime:0.000000s ]
INFO: [ app_end ] --START--
INFO: Run Behavior\ShowPageTraceBehavior [ RunTime:0.000000s ]
INFO: [ app_end ] --END-- [ RunTime:0.000000s ]

[ 2018-03-17T19:45:28+08:00 ] 223.242.125.89 /admin8899.php/Shop/Project/project/id/
INFO: [ app_init ] --START--
INFO: Run Behavior\BuildLiteBehavior [ RunTime:0.000000s ]
INFO: [ app_init ] --END-- [ RunTime:0.000000s ]
INFO: [ app_begin ] --START--
INFO: Run Behavior\ReadHtmlCacheBehavior [ RunTime:0.000000s ]
INFO: [ app_begin ] --END-- [ RunTime:0.000000s ]
SQL: SHOW COLUMNS FROM `jk_shop_leibie` [ RunTime:0.0000s ]
SQL: SELECT * FROM `jk_shop_leibie`  [ RunTime:0.0000s ]
SQL: SHOW COLUMNS FROM `jk_shop_project` [ RunTime:0.0000s ]
SQL: SELECT * FROM `jk_shop_project` WHERE `id` = 0 LIMIT 1   [ RunTime:0.0000s ]
INFO: [ view_parse ] --START--
INFO: [ template_filter ] --START--
INFO: Run Behavior\ContentReplaceBehavior [ RunTime:0.000000s ]
INFO: [ template_filter ] --END-- [ RunTime:0.000000s ]
NOTIC: [8] Undefined variable: caution E:\phpStudy\WWW\snadmin\Runtime\Cache\Shop\e3336a36d5e7f6015c8807a35198cbb4.php 第 82 行.
NOTIC: [8] Undefined variable: caution E:\phpStudy\WWW\snadmin\Runtime\Cache\Shop\e3336a36d5e7f6015c8807a35198cbb4.php 第 161 行.
NOTIC: [8] Undefined variable: page E:\phpStudy\WWW\snadmin\Runtime\Cache\Shop\e3336a36d5e7f6015c8807a35198cbb4.php 第 249 行.
INFO: Run Behavior\ParseTemplateBehavior [ RunTime:0.000000s ]
INFO: [ view_parse ] --END-- [ RunTime:0.000000s ]
INFO: [ view_filter ] --START--
INFO: Run Behavior\WriteHtmlCacheBehavior [ RunTime:0.000000s ]
INFO: [ view_filter ] --END-- [ RunTime:0.000000s ]
INFO: [ app_end ] --START--
INFO: Run Behavior\ShowPageTraceBehavior [ RunTime:0.000000s ]
INFO: [ app_end ] --END-- [ RunTime:0.000000s ]

[ 2018-03-17T19:50:09+08:00 ] 223.242.125.89 /admin8899.php/Shop/index/listOrderform
INFO: [ app_init ] --START--
INFO: Run Behavior\BuildLiteBehavior [ RunTime:0.000000s ]
INFO: [ app_init ] --END-- [ RunTime:0.000000s ]
INFO: [ app_begin ] --START--
INFO: Run Behavior\ReadHtmlCacheBehavior [ RunTime:0.000000s ]
INFO: [ app_begin ] --END-- [ RunTime:0.000000s ]
SQL: SHOW COLUMNS FROM `jk_shop_orderform` [ RunTime:0.0000s ]
NOTIC: [8] Undefined index: p E:\phpStudy\WWW\snadmin\Shop\Controller\IndexController.class.php 第 83 行.
SQL: SELECT * FROM `jk_shop_orderform` ORDER BY id desc LIMIT 0,12   [ RunTime:0.0000s ]
SQL: SELECT COUNT(*) AS tp_count FROM `jk_shop_orderform` LIMIT 1   [ RunTime:0.0000s ]
INFO: [ view_parse ] --START--
INFO: [ template_filter ] --START--
INFO: Run Behavior\ContentReplaceBehavior [ RunTime:0.000000s ]
INFO: [ template_filter ] --END-- [ RunTime:0.000000s ]
INFO: Run Behavior\ParseTemplateBehavior [ RunTime:0.000000s ]
INFO: [ view_parse ] --END-- [ RunTime:0.000000s ]
INFO: [ view_filter ] --START--
INFO: Run Behavior\WriteHtmlCacheBehavior [ RunTime:0.000000s ]
INFO: [ view_filter ] --END-- [ RunTime:0.000000s ]
INFO: [ app_end ] --START--
INFO: Run Behavior\ShowPageTraceBehavior [ RunTime:0.000000s ]
INFO: [ app_end ] --END-- [ RunTime:0.000000s ]

[ 2018-03-17T19:50:32+08:00 ] 223.242.125.89 /admin8899.php/Shop/index/wxme
INFO: [ app_init ] --START--
INFO: Run Behavior\BuildLiteBehavior [ RunTime:0.000000s ]
INFO: [ app_init ] --END-- [ RunTime:0.000000s ]
INFO: [ app_begin ] --START--
INFO: Run Behavior\ReadHtmlCacheBehavior [ RunTime:0.000000s ]
INFO: [ app_begin ] --END-- [ RunTime:0.000000s ]
SQL: SHOW COLUMNS FROM `jk_wxconfig` [ RunTime:0.0000s ]
SQL: SELECT * FROM `jk_wxconfig` LIMIT 1   [ RunTime:0.0000s ]
INFO: [ view_parse ] --START--
INFO: [ template_filter ] --START--
INFO: Run Behavior\ContentReplaceBehavior [ RunTime:0.000000s ]
INFO: [ template_filter ] --END-- [ RunTime:0.000000s ]
NOTIC: [8] Undefined variable: userdata E:\phpStudy\WWW\snadmin\Runtime\Cache\Shop\210296a7bb7883099a58633df6dfc8b8.php 第 33 行.
INFO: Run Behavior\ParseTemplateBehavior [ RunTime:0.000000s ]
INFO: [ view_parse ] --END-- [ RunTime:0.000000s ]
INFO: [ view_filter ] --START--
INFO: Run Behavior\WriteHtmlCacheBehavior [ RunTime:0.000000s ]
INFO: [ view_filter ] --END-- [ RunTime:0.000000s ]
INFO: [ app_end ] --START--
INFO: Run Behavior\ShowPageTraceBehavior [ RunTime:0.000000s ]
INFO: [ app_end ] --END-- [ RunTime:0.000000s ]

[ 2018-03-17T19:51:29+08:00 ] 223.242.125.89 /admin8899.php/Shop/index/wxmenu
INFO: [ app_init ] --START--
INFO: Run Behavior\BuildLiteBehavior [ RunTime:0.000000s ]
INFO: [ app_init ] --END-- [ RunTime:0.000000s ]
INFO: [ app_begin ] --START--
INFO: Run Behavior\ReadHtmlCacheBehavior [ RunTime:0.000000s ]
INFO: [ app_begin ] --END-- [ RunTime:0.000000s ]
SQL: SHOW COLUMNS FROM `jk_wxmenu` [ RunTime:0.0000s ]
SQL: SELECT * FROM `jk_wxmenu` ORDER BY pid asc,menu_id asc  [ RunTime:0.0000s ]
NOTIC: [8] Undefined variable: one_arr E:\phpStudy\WWW\snadmin\Shop\Common\function.php 第 13 行.
NOTIC: [2] Invalid argument supplied for foreach() E:\phpStudy\WWW\snadmin\Shop\Common\function.php 第 13 行.
NOTIC: [8] Undefined variable: data E:\phpStudy\WWW\snadmin\Shop\Common\function.php 第 28 行.
INFO: [ view_parse ] --START--
INFO: [ template_filter ] --START--
INFO: Run Behavior\ContentReplaceBehavior [ RunTime:0.000000s ]
INFO: [ template_filter ] --END-- [ RunTime:0.000000s ]
INFO: Run Behavior\ParseTemplateBehavior [ RunTime:0.000000s ]
INFO: [ view_parse ] --END-- [ RunTime:0.000000s ]
INFO: [ view_filter ] --START--
INFO: Run Behavior\WriteHtmlCacheBehavior [ RunTime:0.000000s ]
INFO: [ view_filter ] --END-- [ RunTime:0.000000s ]
INFO: [ app_end ] --START--
INFO: Run Behavior\ShowPageTraceBehavior [ RunTime:0.000000s ]
INFO: [ app_end ] --END-- [ RunTime:0.000000s ]

