[ 2018-03-17T10:32:46+08:00 ] 106.39.191.142 /index.php/Shop/Index/
INFO: [ app_init ] --START--
INFO: Run Behavior\BuildLiteBehavior [ RunTime:0.000000s ]
INFO: [ app_init ] --END-- [ RunTime:0.015625s ]
INFO: [ app_begin ] --START--
INFO: Run Behavior\ReadHtmlCacheBehavior [ RunTime:0.000000s ]
INFO: [ app_begin ] --END-- [ RunTime:0.000000s ]
SQL: SHOW COLUMNS FROM `jk_system` [ RunTime:0.0000s ]
SQL: SELECT * FROM `jk_system` WHERE `SYS_ID` = 1 LIMIT 1   [ RunTime:0.0000s ]
SQL: SHOW COLUMNS FROM `jk_user` [ RunTime:0.0000s ]
SQL: SELECT * FROM `jk_user` WHERE `UE_ID` = 7 LIMIT 1   [ RunTime:0.0000s ]
SQL: SHOW COLUMNS FROM `jk_font` [ RunTime:0.0000s ]
SQL: SELECT * FROM `jk_font` LIMIT 1   [ RunTime:0.0000s ]
SQL: SHOW COLUMNS FROM `jk_shop_project` [ RunTime:0.0000s ]
SQL: SELECT COUNT(*) AS tp_count FROM `jk_shop_project` WHERE ( zt>0 ) LIMIT 1   [ RunTime:0.0000s ]
SQL: SELECT * FROM `jk_shop_project` WHERE ( zt = '1' ) ORDER BY addtime desc  [ RunTime:0.0000s ]
NOTIC: [8] Undefined variable: show E:\phpStudy\WWW\User\Shop\Controller\IndexController.class.php 第 22 行.
INFO: [ view_parse ] --START--
INFO: [ template_filter ] --START--
INFO: Run Behavior\ContentReplaceBehavior [ RunTime:0.000000s ]
INFO: [ template_filter ] --END-- [ RunTime:0.000000s ]
INFO: Run Behavior\ParseTemplateBehavior [ RunTime:0.015625s ]
INFO: [ view_parse ] --END-- [ RunTime:0.015625s ]
INFO: [ view_filter ] --START--
INFO: Run Behavior\WriteHtmlCacheBehavior [ RunTime:0.000000s ]
INFO: Run Behavior\TokenBuildBehavior [ RunTime:0.000000s ]
INFO: [ view_filter ] --END-- [ RunTime:0.000000s ]
INFO: [ app_end ] --START--
INFO: Run Behavior\ShowPageTraceBehavior [ RunTime:0.000000s ]
INFO: [ app_end ] --END-- [ RunTime:0.000000s ]

[ 2018-03-17T20:02:56+08:00 ] 223.242.125.89 /index.php/Shop/Index/
INFO: [ app_init ] --START--
INFO: Run Behavior\BuildLiteBehavior [ RunTime:0.000000s ]
INFO: [ app_init ] --END-- [ RunTime:0.000000s ]
INFO: [ app_begin ] --START--
INFO: Run Behavior\ReadHtmlCacheBehavior [ RunTime:0.000000s ]
INFO: [ app_begin ] --END-- [ RunTime:0.000000s ]
SQL: SHOW COLUMNS FROM `jk_system` [ RunTime:0.0000s ]
SQL: SELECT * FROM `jk_system` WHERE `SYS_ID` = 1 LIMIT 1   [ RunTime:0.0000s ]
SQL: SHOW COLUMNS FROM `jk_user` [ RunTime:0.0000s ]
SQL: SELECT * FROM `jk_user` WHERE `UE_ID` = 7 LIMIT 1   [ RunTime:0.0000s ]
SQL: SHOW COLUMNS FROM `jk_font` [ RunTime:0.0000s ]
SQL: SELECT * FROM `jk_font` LIMIT 1   [ RunTime:0.0000s ]
SQL: SHOW COLUMNS FROM `jk_shop_project` [ RunTime:0.0000s ]
SQL: SELECT COUNT(*) AS tp_count FROM `jk_shop_project` WHERE ( zt>0 ) LIMIT 1   [ RunTime:0.0000s ]
SQL: SELECT * FROM `jk_shop_project` WHERE ( zt = '1' ) ORDER BY addtime desc  [ RunTime:0.0000s ]
NOTIC: [8] Undefined variable: show E:\phpStudy\WWW\User\Shop\Controller\IndexController.class.php 第 22 行.
INFO: [ view_parse ] --START--
INFO: [ template_filter ] --START--
INFO: Run Behavior\ContentReplaceBehavior [ RunTime:0.000000s ]
INFO: [ template_filter ] --END-- [ RunTime:0.000000s ]
INFO: Run Behavior\ParseTemplateBehavior [ RunTime:0.015625s ]
INFO: [ view_parse ] --END-- [ RunTime:0.015625s ]
INFO: [ view_filter ] --START--
INFO: Run Behavior\WriteHtmlCacheBehavior [ RunTime:0.000000s ]
INFO: Run Behavior\TokenBuildBehavior [ RunTime:0.000000s ]
INFO: [ view_filter ] --END-- [ RunTime:0.000000s ]
INFO: [ app_end ] --START--
INFO: Run Behavior\ShowPageTraceBehavior [ RunTime:0.000000s ]
INFO: [ app_end ] --END-- [ RunTime:0.000000s ]

